In file included from src/genetic-alg.cpp:4:
/home/thoma/.conan/data/argparse/2.9/_/_/package/5ab84d6acfe1f23c4fae0ab88f26e3a396351ac9/include/argparse/argparse.hpp: In function ‘std::string argparse::details::repr(const T&)’:
/home/thoma/.conan/data/argparse/2.9/_/_/package/5ab84d6acfe1f23c4fae0ab88f26e3a396351ac9/include/argparse/argparse.hpp:90:6: warning: ‘if constexpr’ only available with ‘-std=c++17’ or ‘-std=gnu++17’
   90 |   if constexpr (std::is_same_v<T, bool>) {
      |      ^~~~~~~~~
/home/thoma/.conan/data/argparse/2.9/_/_/package/5ab84d6acfe1f23c4fae0ab88f26e3a396351ac9/include/argparse/argparse.hpp:90:22: error: ‘is_same_v’ is not a member of ‘std’; did you mean ‘is_same’?
   90 |   if constexpr (std::is_same_v<T, bool>) {
      |                      ^~~~~~~~~
      |                      is_same
/home/thoma/.conan/data/argparse/2.9/_/_/package/5ab84d6acfe1f23c4fae0ab88f26e3a396351ac9/include/argparse/argparse.hpp:90:33: error: expected primary-expression before ‘,’ token
   90 |   if constexpr (std::is_same_v<T, bool>) {
      |                                 ^
/home/thoma/.conan/data/argparse/2.9/_/_/package/5ab84d6acfe1f23c4fae0ab88f26e3a396351ac9/include/argparse/argparse.hpp:90:35: error: expected primary-expression before ‘bool’
   90 |   if constexpr (std::is_same_v<T, bool>) {
      |                                   ^~~~
/home/thoma/.conan/data/argparse/2.9/_/_/package/5ab84d6acfe1f23c4fae0ab88f26e3a396351ac9/include/argparse/argparse.hpp:90:34: error: expected ‘)’ before ‘bool’
   90 |   if constexpr (std::is_same_v<T, bool>) {
      |                ~                 ^~~~~
      |                                  )
/home/thoma/.conan/data/argparse/2.9/_/_/package/5ab84d6acfe1f23c4fae0ab88f26e3a396351ac9/include/argparse/argparse.hpp:92:13: warning: ‘if constexpr’ only available with ‘-std=c++17’ or ‘-std=gnu++17’
   92 |   } else if constexpr (std::is_convertible_v<T, std::string_view>) {
      |             ^~~~~~~~~
/home/thoma/.conan/data/argparse/2.9/_/_/package/5ab84d6acfe1f23c4fae0ab88f26e3a396351ac9/include/argparse/argparse.hpp:92:29: error: ‘is_convertible_v’ is not a member of ‘std’; did you mean ‘is_convertible’?
   92 |   } else if constexpr (std::is_convertible_v<T, std::string_view>) {
      |                             ^~~~~~~~~~~~~~~~
      |                             is_convertible
/home/thoma/.conan/data/argparse/2.9/_/_/package/5ab84d6acfe1f23c4fae0ab88f26e3a396351ac9/include/argparse/argparse.hpp:92:47: error: expected primary-expression before ‘,’ token
   92 |   } else if constexpr (std::is_convertible_v<T, std::string_view>) {
      |                                               ^
/home/thoma/.conan/data/argparse/2.9/_/_/package/5ab84d6acfe1f23c4fae0ab88f26e3a396351ac9/include/argparse/argparse.hpp:92:54: error: ‘string_view’ is not a member of ‘std’
   92 |   } else if constexpr (std::is_convertible_v<T, std::string_view>) {
      |                                                      ^~~~~~~~~~~
/home/thoma/.conan/data/argparse/2.9/_/_/package/5ab84d6acfe1f23c4fae0ab88f26e3a396351ac9/include/argparse/argparse.hpp:92:54: note: ‘std::string_view’ is only available from C++17 onwards
/home/thoma/.conan/data/argparse/2.9/_/_/package/5ab84d6acfe1f23c4fae0ab88f26e3a396351ac9/include/argparse/argparse.hpp:92:66: error: expected primary-expression before ‘)’ token
   92 |   } else if constexpr (std::is_convertible_v<T, std::string_view>) {
      |                                                                  ^
/home/thoma/.conan/data/argparse/2.9/_/_/package/5ab84d6acfe1f23c4fae0ab88f26e3a396351ac9/include/argparse/argparse.hpp:93:35: error: ‘string_view’ is not a member of ‘std’
   93 |     return '"' + std::string{std::string_view{val}} + '"';
      |                                   ^~~~~~~~~~~
/home/thoma/.conan/data/argparse/2.9/_/_/package/5ab84d6acfe1f23c4fae0ab88f26e3a396351ac9/include/argparse/argparse.hpp:93:35: note: ‘std::string_view’ is only available from C++17 onwards
/home/thoma/.conan/data/argparse/2.9/_/_/package/5ab84d6acfe1f23c4fae0ab88f26e3a396351ac9/include/argparse/argparse.hpp:93:29: error: expected primary-expression before ‘{’ token
   93 |     return '"' + std::string{std::string_view{val}} + '"';
      |                             ^
/home/thoma/.conan/data/argparse/2.9/_/_/package/5ab84d6acfe1f23c4fae0ab88f26e3a396351ac9/include/argparse/argparse.hpp:93:29: error: expected ‘;’ before ‘{’ token
   93 |     return '"' + std::string{std::string_view{val}} + '"';
      |                             ^
      |                             ;
/home/thoma/.conan/data/argparse/2.9/_/_/package/5ab84d6acfe1f23c4fae0ab88f26e3a396351ac9/include/argparse/argparse.hpp:93:35: error: ‘string_view’ is not a member of ‘std’
   93 |     return '"' + std::string{std::string_view{val}} + '"';
      |                                   ^~~~~~~~~~~
/home/thoma/.conan/data/argparse/2.9/_/_/package/5ab84d6acfe1f23c4fae0ab88f26e3a396351ac9/include/argparse/argparse.hpp:93:35: note: ‘std::string_view’ is only available from C++17 onwards
/home/thoma/.conan/data/argparse/2.9/_/_/package/5ab84d6acfe1f23c4fae0ab88f26e3a396351ac9/include/argparse/argparse.hpp:94:13: warning: ‘if constexpr’ only available with ‘-std=c++17’ or ‘-std=gnu++17’
   94 |   } else if constexpr (IsContainer<T>) {
      |             ^~~~~~~~~
/home/thoma/.conan/data/argparse/2.9/_/_/package/5ab84d6acfe1f23c4fae0ab88f26e3a396351ac9/include/argparse/argparse.hpp:118:13: warning: ‘if constexpr’ only available with ‘-std=c++17’ or ‘-std=gnu++17’
  118 |   } else if constexpr (IsStreamable<T>) {
      |             ^~~~~~~~~
/home/thoma/.conan/data/argparse/2.9/_/_/package/5ab84d6acfe1f23c4fae0ab88f26e3a396351ac9/include/argparse/argparse.hpp: In function ‘constexpr decltype(auto) argparse::details::apply_plus_one_impl(F&&, Tuple&&, Extra&&, std::index_sequence<I ...>)’:
/home/thoma/.conan/data/argparse/2.9/_/_/package/5ab84d6acfe1f23c4fae0ab88f26e3a396351ac9/include/argparse/argparse.hpp:158:15: error: ‘invoke’ is not a member of ‘std’
  158 |   return std::invoke(std::forward<F>(f), std::get<I>(std::forward<Tuple>(t))...,
      |               ^~~~~~
/home/thoma/.conan/data/argparse/2.9/_/_/package/5ab84d6acfe1f23c4fae0ab88f26e3a396351ac9/include/argparse/argparse.hpp: In function ‘constexpr decltype(auto) argparse::details::apply_plus_one(F&&, Tuple&&, Extra&&)’:
/home/thoma/.conan/data/argparse/2.9/_/_/package/5ab84d6acfe1f23c4fae0ab88f26e3a396351ac9/include/argparse/argparse.hpp:167:16: error: ‘tuple_size_v’ is not a member of ‘std’; did you mean ‘tuple_size’?
  167 |           std::tuple_size_v<std::remove_reference_t<Tuple>>>{});
      |                ^~~~~~~~~~~~
      |                tuple_size
/home/thoma/.conan/data/argparse/2.9/_/_/package/5ab84d6acfe1f23c4fae0ab88f26e3a396351ac9/include/argparse/argparse.hpp:167:16: error: ‘tuple_size_v’ is not a member of ‘std’; did you mean ‘tuple_size’?
  167 |           std::tuple_size_v<std::remove_reference_t<Tuple>>>{});
      |                ^~~~~~~~~~~~
      |                tuple_size
/home/thoma/.conan/data/argparse/2.9/_/_/package/5ab84d6acfe1f23c4fae0ab88f26e3a396351ac9/include/argparse/argparse.hpp:167:58: error: template argument 1 is invalid
  167 |           std::tuple_size_v<std::remove_reference_t<Tuple>>>{});
      |                                                          ^~
/home/thoma/.conan/data/argparse/2.9/_/_/package/5ab84d6acfe1f23c4fae0ab88f26e3a396351ac9/include/argparse/argparse.hpp:167:61: error: expected primary-expression before ‘{’ token
  167 |           std::tuple_size_v<std::remove_reference_t<Tuple>>>{});
      |                                                             ^
/home/thoma/.conan/data/argparse/2.9/_/_/package/5ab84d6acfe1f23c4fae0ab88f26e3a396351ac9/include/argparse/argparse.hpp: At global scope:
/home/thoma/.conan/data/argparse/2.9/_/_/package/5ab84d6acfe1f23c4fae0ab88f26e3a396351ac9/include/argparse/argparse.hpp:170:35: error: ‘string_view’ is not a member of ‘std’
  170 | constexpr auto pointer_range(std::string_view s) noexcept {
      |                                   ^~~~~~~~~~~
/home/thoma/.conan/data/argparse/2.9/_/_/package/5ab84d6acfe1f23c4fae0ab88f26e3a396351ac9/include/argparse/argparse.hpp:170:35: note: ‘std::string_view’ is only available from C++17 onwards
/home/thoma/.conan/data/argparse/2.9/_/_/package/5ab84d6acfe1f23c4fae0ab88f26e3a396351ac9/include/argparse/argparse.hpp:170:50: error: expected ‘,’ or ‘;’ before ‘noexcept’
  170 | constexpr auto pointer_range(std::string_view s) noexcept {
      |                                                  ^~~~~~~~
/home/thoma/.conan/data/argparse/2.9/_/_/package/5ab84d6acfe1f23c4fae0ab88f26e3a396351ac9/include/argparse/argparse.hpp:175:33: error: ‘basic_string_view’ is not a member of ‘std’
  175 | constexpr bool starts_with(std::basic_string_view<CharT, Traits> prefix,
      |                                 ^~~~~~~~~~~~~~~~~
/home/thoma/.conan/data/argparse/2.9/_/_/package/5ab84d6acfe1f23c4fae0ab88f26e3a396351ac9/include/argparse/argparse.hpp:175:56: error: expected primary-expression before ‘,’ token
  175 | constexpr bool starts_with(std::basic_string_view<CharT, Traits> prefix,
      |                                                        ^
/home/thoma/.conan/data/argparse/2.9/_/_/package/5ab84d6acfe1f23c4fae0ab88f26e3a396351ac9/include/argparse/argparse.hpp:175:64: error: expected primary-expression before ‘>’ token
  175 | constexpr bool starts_with(std::basic_string_view<CharT, Traits> prefix,
      |                                                                ^
/home/thoma/.conan/data/argparse/2.9/_/_/package/5ab84d6acfe1f23c4fae0ab88f26e3a396351ac9/include/argparse/argparse.hpp:175:66: error: ‘prefix’ was not declared in this scope
  175 | constexpr bool starts_with(std::basic_string_view<CharT, Traits> prefix,
      |                                                                  ^~~~~~
/home/thoma/.conan/data/argparse/2.9/_/_/package/5ab84d6acfe1f23c4fae0ab88f26e3a396351ac9/include/argparse/argparse.hpp:176:33: error: ‘basic_string_view’ is not a member of ‘std’
  176 |                            std::basic_string_view<CharT, Traits> s) noexcept {
      |                                 ^~~~~~~~~~~~~~~~~
/home/thoma/.conan/data/argparse/2.9/_/_/package/5ab84d6acfe1f23c4fae0ab88f26e3a396351ac9/include/argparse/argparse.hpp:176:56: error: expected primary-expression before ‘,’ token
  176 |                            std::basic_string_view<CharT, Traits> s) noexcept {
      |                                                        ^
/home/thoma/.conan/data/argparse/2.9/_/_/package/5ab84d6acfe1f23c4fae0ab88f26e3a396351ac9/include/argparse/argparse.hpp:176:64: error: expected primary-expression before ‘>’ token
  176 |                            std::basic_string_view<CharT, Traits> s) noexcept {
      |                                                                ^
/home/thoma/.conan/data/argparse/2.9/_/_/package/5ab84d6acfe1f23c4fae0ab88f26e3a396351ac9/include/argparse/argparse.hpp:176:66: error: ‘s’ was not declared in this scope
  176 |                            std::basic_string_view<CharT, Traits> s) noexcept {
      |                                                                  ^
/home/thoma/.conan/data/argparse/2.9/_/_/package/5ab84d6acfe1f23c4fae0ab88f26e3a396351ac9/include/argparse/argparse.hpp:176:67: error: expression list treated as compound expression in initializer [-fpermissive]
  176 |                            std::basic_string_view<CharT, Traits> s) noexcept {
      |                                                                   ^
/home/thoma/.conan/data/argparse/2.9/_/_/package/5ab84d6acfe1f23c4fae0ab88f26e3a396351ac9/include/argparse/argparse.hpp:176:68: error: expected ‘;’ before ‘noexcept’
  176 |                            std::basic_string_view<CharT, Traits> s) noexcept {
      |                                                                    ^~~~~~~~~
      |                                                                    ;
/home/thoma/.conan/data/argparse/2.9/_/_/package/5ab84d6acfe1f23c4fae0ab88f26e3a396351ac9/include/argparse/argparse.hpp:189:8: error: ‘string_view’ in namespace ‘std’ does not name a type
  189 |   std::string_view rest;
      |        ^~~~~~~~~~~
/home/thoma/.conan/data/argparse/2.9/_/_/package/5ab84d6acfe1f23c4fae0ab88f26e3a396351ac9/include/argparse/argparse.hpp:189:3: note: ‘std::string_view’ is only available from C++17 onwards
  189 |   std::string_view rest;
      |   ^~~
/home/thoma/.conan/data/argparse/2.9/_/_/package/5ab84d6acfe1f23c4fae0ab88f26e3a396351ac9/include/argparse/argparse.hpp:194:40: error: ‘string_view’ is not a member of ‘std’
  194 | constexpr auto consume_hex_prefix(std::string_view s)
      |                                        ^~~~~~~~~~~
/home/thoma/.conan/data/argparse/2.9/_/_/package/5ab84d6acfe1f23c4fae0ab88f26e3a396351ac9/include/argparse/argparse.hpp:194:40: note: ‘std::string_view’ is only available from C++17 onwards
/home/thoma/.conan/data/argparse/2.9/_/_/package/5ab84d6acfe1f23c4fae0ab88f26e3a396351ac9/include/argparse/argparse.hpp:195:5: error: expected ‘,’ or ‘;’ before ‘->’ token
  195 |     -> ConsumeHexPrefixResult {
      |     ^~
/home/thoma/.conan/data/argparse/2.9/_/_/package/5ab84d6acfe1f23c4fae0ab88f26e3a396351ac9/include/argparse/argparse.hpp:203:25: error: ‘auto’ parameter not permitted in this context
  203 | template <class T, auto Param>
      |                         ^~~~~
/home/thoma/.conan/data/argparse/2.9/_/_/package/5ab84d6acfe1f23c4fae0ab88f26e3a396351ac9/include/argparse/argparse.hpp:204:1: warning: inline variables are only available with ‘-std=c++17’ or ‘-std=gnu++17’
  204 | inline auto do_from_chars(std::string_view s) -> T {
      | ^~~~~~
/home/thoma/.conan/data/argparse/2.9/_/_/package/5ab84d6acfe1f23c4fae0ab88f26e3a396351ac9/include/argparse/argparse.hpp:204:32: error: ‘string_view’ is not a member of ‘std’
  204 | inline auto do_from_chars(std::string_view s) -> T {
      |                                ^~~~~~~~~~~
/home/thoma/.conan/data/argparse/2.9/_/_/package/5ab84d6acfe1f23c4fae0ab88f26e3a396351ac9/include/argparse/argparse.hpp:204:32: note: ‘std::string_view’ is only available from C++17 onwards
/home/thoma/.conan/data/argparse/2.9/_/_/package/5ab84d6acfe1f23c4fae0ab88f26e3a396351ac9/include/argparse/argparse.hpp:204:46: error: expected ‘;’ before ‘->’ token
  204 | inline auto do_from_chars(std::string_view s) -> T {
      |                                              ^~~
      |                                              ;
/home/thoma/.conan/data/argparse/2.9/_/_/package/5ab84d6acfe1f23c4fae0ab88f26e3a396351ac9/include/argparse/argparse.hpp:223:33: error: ‘auto’ parameter not permitted in this context
  223 | template <class T, auto Param = 0> struct parse_number {
      |                                 ^
/home/thoma/.conan/data/argparse/2.9/_/_/package/5ab84d6acfe1f23c4fae0ab88f26e3a396351ac9/include/argparse/argparse.hpp:224:24: error: ‘std::string_view’ has not been declared
  224 |   auto operator()(std::string_view s) -> T {
      |                        ^~~~~~~~~~~
/home/thoma/.conan/data/argparse/2.9/_/_/package/5ab84d6acfe1f23c4fae0ab88f26e3a396351ac9/include/argparse/argparse.hpp:229:51: note: invalid template non-type parameter
  229 | template <class T> struct parse_number<T, radix_16> {
      |                                                   ^
/home/thoma/.conan/data/argparse/2.9/_/_/package/5ab84d6acfe1f23c4fae0ab88f26e3a396351ac9/include/argparse/argparse.hpp:238:41: note: invalid template non-type parameter
  238 | template <class T> struct parse_number<T> {
      |                                         ^
/home/thoma/.conan/data/argparse/2.9/_/_/package/5ab84d6acfe1f23c4fae0ab88f26e3a396351ac9/include/argparse/argparse.hpp:253:20: warning: inline variables are only available with ‘-std=c++17’ or ‘-std=gnu++17’
  253 | template <class T> inline const auto generic_strtod = nullptr;
      |                    ^~~~~~
/home/thoma/.conan/data/argparse/2.9/_/_/package/5ab84d6acfe1f23c4fae0ab88f26e3a396351ac9/include/argparse/argparse.hpp:254:13: warning: inline variables are only available with ‘-std=c++17’ or ‘-std=gnu++17’
  254 | template <> inline const auto generic_strtod<float> = strtof;
      |             ^~~~~~
/home/thoma/.conan/data/argparse/2.9/_/_/package/5ab84d6acfe1f23c4fae0ab88f26e3a396351ac9/include/argparse/argparse.hpp:255:13: warning: inline variables are only available with ‘-std=c++17’ or ‘-std=gnu++17’
  255 | template <> inline const auto generic_strtod<double> = strtod;
      |             ^~~~~~
/home/thoma/.conan/data/argparse/2.9/_/_/package/5ab84d6acfe1f23c4fae0ab88f26e3a396351ac9/include/argparse/argparse.hpp:256:13: warning: inline variables are only available with ‘-std=c++17’ or ‘-std=gnu++17’
  256 | template <> inline const auto generic_strtod<long double> = strtold;
      |             ^~~~~~
/home/thoma/.conan/data/argparse/2.9/_/_/package/5ab84d6acfe1f23c4fae0ab88f26e3a396351ac9/include/argparse/argparse.hpp: In function ‘T argparse::details::do_strtod(const string&)’:
/home/thoma/.conan/data/argparse/2.9/_/_/package/5ab84d6acfe1f23c4fae0ab88f26e3a396351ac9/include/argparse/argparse.hpp:265:8: warning: structured bindings only available with ‘-std=c++17’ or ‘-std=gnu++17’
  265 |   auto [first, last] = pointer_range(s);
      |        ^
/home/thoma/.conan/data/argparse/2.9/_/_/package/5ab84d6acfe1f23c4fae0ab88f26e3a396351ac9/include/argparse/argparse.hpp: At global scope:
/home/thoma/.conan/data/argparse/2.9/_/_/package/5ab84d6acfe1f23c4fae0ab88f26e3a396351ac9/include/argparse/argparse.hpp:282:64: note: invalid template non-type parameter
  282 | template <class T> struct parse_number<T, chars_format::general> {
      |                                                                ^
/home/thoma/.conan/data/argparse/2.9/_/_/package/5ab84d6acfe1f23c4fae0ab88f26e3a396351ac9/include/argparse/argparse.hpp:293:60: note: invalid template non-type parameter
  293 | template <class T> struct parse_number<T, chars_format::hex> {
      |                                                            ^
/home/thoma/.conan/data/argparse/2.9/_/_/package/5ab84d6acfe1f23c4fae0ab88f26e3a396351ac9/include/argparse/argparse.hpp:303:67: note: invalid template non-type parameter
  303 | template <class T> struct parse_number<T, chars_format::scientific> {
      |                                                                   ^
/home/thoma/.conan/data/argparse/2.9/_/_/package/5ab84d6acfe1f23c4fae0ab88f26e3a396351ac9/include/argparse/argparse.hpp:318:62: note: invalid template non-type parameter
  318 | template <class T> struct parse_number<T, chars_format::fixed> {
      |                                                              ^
/home/thoma/.conan/data/argparse/2.9/_/_/package/5ab84d6acfe1f23c4fae0ab88f26e3a396351ac9/include/argparse/argparse.hpp:374:37: error: expected ‘)’ before ‘prefix_chars’
  374 |   explicit Argument(std::string_view prefix_chars,
      |                    ~                ^~~~~~~~~~~~~
      |                                     )
/home/thoma/.conan/data/argparse/2.9/_/_/package/5ab84d6acfe1f23c4fae0ab88f26e3a396351ac9/include/argparse/argparse.hpp:389:37: error: expected ‘)’ before ‘prefix_chars’
  389 |   explicit Argument(std::string_view prefix_chars,
      |                    ~                ^~~~~~~~~~~~~
      |                                     )
/home/thoma/.conan/data/argparse/2.9/_/_/package/5ab84d6acfe1f23c4fae0ab88f26e3a396351ac9/include/argparse/argparse.hpp:391:75: error: expected unqualified-id before ‘)’ token
  391 |       : Argument(prefix_chars, std::move(a), std::make_index_sequence<N>{}) {}
      |                                                                           ^
/home/thoma/.conan/data/argparse/2.9/_/_/package/5ab84d6acfe1f23c4fae0ab88f26e3a396351ac9/include/argparse/argparse.hpp:414:13: error: expected ‘;’ at end of member declaration
  414 |   Argument &implicit_value(std::any value) {
      |             ^~~~~~~~~~~~~~
      |                           ;
/home/thoma/.conan/data/argparse/2.9/_/_/package/5ab84d6acfe1f23c4fae0ab88f26e3a396351ac9/include/argparse/argparse.hpp:414:36: error: expected ‘)’ before ‘value’
  414 |   Argument &implicit_value(std::any value) {
      |                           ~        ^~~~~~
      |                                    )
/home/thoma/.conan/data/argparse/2.9/_/_/package/5ab84d6acfe1f23c4fae0ab88f26e3a396351ac9/include/argparse/argparse.hpp:422:32: error: ‘is_invocable_v’ is not a member of ‘std’
  422 |       -> std::enable_if_t<std::is_invocable_v<F, Args..., std::string const>,
      |                                ^~~~~~~~~~~~~~
/home/thoma/.conan/data/argparse/2.9/_/_/package/5ab84d6acfe1f23c4fae0ab88f26e3a396351ac9/include/argparse/argparse.hpp:422:32: error: ‘is_invocable_v’ is not a member of ‘std’
/home/thoma/.conan/data/argparse/2.9/_/_/package/5ab84d6acfe1f23c4fae0ab88f26e3a396351ac9/include/argparse/argparse.hpp:422:76: error: template argument 1 is invalid
  422 |       -> std::enable_if_t<std::is_invocable_v<F, Args..., std::string const>,
      |                                                                            ^
/home/thoma/.conan/data/argparse/2.9/_/_/package/5ab84d6acfe1f23c4fae0ab88f26e3a396351ac9/include/argparse/argparse.hpp:422:32: error: ‘is_invocable_v’ is not a member of ‘std’
  422 |       -> std::enable_if_t<std::is_invocable_v<F, Args..., std::string const>,
      |                                ^~~~~~~~~~~~~~
/home/thoma/.conan/data/argparse/2.9/_/_/package/5ab84d6acfe1f23c4fae0ab88f26e3a396351ac9/include/argparse/argparse.hpp:422:32: error: ‘is_invocable_v’ is not a member of ‘std’
/home/thoma/.conan/data/argparse/2.9/_/_/package/5ab84d6acfe1f23c4fae0ab88f26e3a396351ac9/include/argparse/argparse.hpp:422:76: error: template argument 1 is invalid
  422 |       -> std::enable_if_t<std::is_invocable_v<F, Args..., std::string const>,
      |                                                                            ^
/home/thoma/.conan/data/argparse/2.9/_/_/package/5ab84d6acfe1f23c4fae0ab88f26e3a396351ac9/include/argparse/argparse.hpp:422:32: error: ‘is_invocable_v’ is not a member of ‘std’
  422 |       -> std::enable_if_t<std::is_invocable_v<F, Args..., std::string const>,
      |                                ^~~~~~~~~~~~~~
/home/thoma/.conan/data/argparse/2.9/_/_/package/5ab84d6acfe1f23c4fae0ab88f26e3a396351ac9/include/argparse/argparse.hpp:422:32: error: ‘is_invocable_v’ is not a member of ‘std’
/home/thoma/.conan/data/argparse/2.9/_/_/package/5ab84d6acfe1f23c4fae0ab88f26e3a396351ac9/include/argparse/argparse.hpp:422:76: error: template argument 1 is invalid
  422 |       -> std::enable_if_t<std::is_invocable_v<F, Args..., std::string const>,
      |                                                                            ^
/home/thoma/.conan/data/argparse/2.9/_/_/package/5ab84d6acfe1f23c4fae0ab88f26e3a396351ac9/include/argparse/argparse.hpp:422:32: error: ‘is_invocable_v’ is not a member of ‘std’
  422 |       -> std::enable_if_t<std::is_invocable_v<F, Args..., std::string const>,
      |                                ^~~~~~~~~~~~~~
/home/thoma/.conan/data/argparse/2.9/_/_/package/5ab84d6acfe1f23c4fae0ab88f26e3a396351ac9/include/argparse/argparse.hpp:422:32: error: ‘is_invocable_v’ is not a member of ‘std’
/home/thoma/.conan/data/argparse/2.9/_/_/package/5ab84d6acfe1f23c4fae0ab88f26e3a396351ac9/include/argparse/argparse.hpp:422:76: error: template argument 1 is invalid
  422 |       -> std::enable_if_t<std::is_invocable_v<F, Args..., std::string const>,
      |                                                                            ^
/home/thoma/.conan/data/argparse/2.9/_/_/package/5ab84d6acfe1f23c4fae0ab88f26e3a396351ac9/include/argparse/argparse.hpp:422:32: error: ‘is_invocable_v’ is not a member of ‘std’
  422 |       -> std::enable_if_t<std::is_invocable_v<F, Args..., std::string const>,
      |                                ^~~~~~~~~~~~~~
/home/thoma/.conan/data/argparse/2.9/_/_/package/5ab84d6acfe1f23c4fae0ab88f26e3a396351ac9/include/argparse/argparse.hpp:422:32: error: ‘is_invocable_v’ is not a member of ‘std’
/home/thoma/.conan/data/argparse/2.9/_/_/package/5ab84d6acfe1f23c4fae0ab88f26e3a396351ac9/include/argparse/argparse.hpp:422:76: error: template argument 1 is invalid
  422 |       -> std::enable_if_t<std::is_invocable_v<F, Args..., std::string const>,
      |                                                                            ^
/home/thoma/.conan/data/argparse/2.9/_/_/package/5ab84d6acfe1f23c4fae0ab88f26e3a396351ac9/include/argparse/argparse.hpp:422:10: error: invalid use of template-name ‘std::enable_if_t’ without an argument list
  422 |       -> std::enable_if_t<std::is_invocable_v<F, Args..., std::string const>,
      |          ^~~
In file included from /usr/include/c++/9/bits/move.h:55,
                 from /usr/include/c++/9/bits/nested_exception.h:40,
                 from /usr/include/c++/9/exception:144,
                 from /usr/include/c++/9/ios:39,
                 from /usr/include/c++/9/ostream:38,
                 from /usr/include/c++/9/iostream:39,
                 from src/genetic-alg.cpp:3:
/usr/include/c++/9/type_traits:2378:11: note: ‘template<bool _Cond, class _Tp> using enable_if_t = typename std::enable_if::type’ declared here
 2378 |     using enable_if_t = typename enable_if<_Cond, _Tp>::type;
      |           ^~~~~~~~~~~
In file included from src/genetic-alg.cpp:4:
/home/thoma/.conan/data/argparse/2.9/_/_/package/5ab84d6acfe1f23c4fae0ab88f26e3a396351ac9/include/argparse/argparse.hpp:422:26: error: expected initializer before ‘<’ token
  422 |       -> std::enable_if_t<std::is_invocable_v<F, Args..., std::string const>,
      |                          ^
/home/thoma/.conan/data/argparse/2.9/_/_/package/5ab84d6acfe1f23c4fae0ab88f26e3a396351ac9/include/argparse/argparse.hpp:446:40: error: ‘is_arithmetic_v’ is not a member of ‘std’; did you mean ‘is_arithmetic’?
  446 |   auto scan() -> std::enable_if_t<std::is_arithmetic_v<T>, Argument &> {
      |                                        ^~~~~~~~~~~~~~~
      |                                        is_arithmetic
/home/thoma/.conan/data/argparse/2.9/_/_/package/5ab84d6acfe1f23c4fae0ab88f26e3a396351ac9/include/argparse/argparse.hpp:446:40: error: ‘is_arithmetic_v’ is not a member of ‘std’; did you mean ‘is_arithmetic’?
  446 |   auto scan() -> std::enable_if_t<std::is_arithmetic_v<T>, Argument &> {
      |                                        ^~~~~~~~~~~~~~~
      |                                        is_arithmetic
/home/thoma/.conan/data/argparse/2.9/_/_/package/5ab84d6acfe1f23c4fae0ab88f26e3a396351ac9/include/argparse/argparse.hpp:446:57: error: template argument 1 is invalid
  446 |   auto scan() -> std::enable_if_t<std::is_arithmetic_v<T>, Argument &> {
      |                                                         ^
/home/thoma/.conan/data/argparse/2.9/_/_/package/5ab84d6acfe1f23c4fae0ab88f26e3a396351ac9/include/argparse/argparse.hpp:446:40: error: ‘is_arithmetic_v’ is not a member of ‘std’; did you mean ‘is_arithmetic’?
  446 |   auto scan() -> std::enable_if_t<std::is_arithmetic_v<T>, Argument &> {
      |                                        ^~~~~~~~~~~~~~~
      |                                        is_arithmetic
/home/thoma/.conan/data/argparse/2.9/_/_/package/5ab84d6acfe1f23c4fae0ab88f26e3a396351ac9/include/argparse/argparse.hpp:446:40: error: ‘is_arithmetic_v’ is not a member of ‘std’; did you mean ‘is_arithmetic’?
  446 |   auto scan() -> std::enable_if_t<std::is_arithmetic_v<T>, Argument &> {
      |                                        ^~~~~~~~~~~~~~~
      |                                        is_arithmetic
/home/thoma/.conan/data/argparse/2.9/_/_/package/5ab84d6acfe1f23c4fae0ab88f26e3a396351ac9/include/argparse/argparse.hpp:446:57: error: template argument 1 is invalid
  446 |   auto scan() -> std::enable_if_t<std::is_arithmetic_v<T>, Argument &> {
      |                                                         ^
/home/thoma/.conan/data/argparse/2.9/_/_/package/5ab84d6acfe1f23c4fae0ab88f26e3a396351ac9/include/argparse/argparse.hpp:446:40: error: ‘is_arithmetic_v’ is not a member of ‘std’; did you mean ‘is_arithmetic’?
  446 |   auto scan() -> std::enable_if_t<std::is_arithmetic_v<T>, Argument &> {
      |                                        ^~~~~~~~~~~~~~~
      |                                        is_arithmetic
/home/thoma/.conan/data/argparse/2.9/_/_/package/5ab84d6acfe1f23c4fae0ab88f26e3a396351ac9/include/argparse/argparse.hpp:446:40: error: ‘is_arithmetic_v’ is not a member of ‘std’; did you mean ‘is_arithmetic’?
  446 |   auto scan() -> std::enable_if_t<std::is_arithmetic_v<T>, Argument &> {
      |                                        ^~~~~~~~~~~~~~~
      |                                        is_arithmetic
/home/thoma/.conan/data/argparse/2.9/_/_/package/5ab84d6acfe1f23c4fae0ab88f26e3a396351ac9/include/argparse/argparse.hpp:446:57: error: template argument 1 is invalid
  446 |   auto scan() -> std::enable_if_t<std::is_arithmetic_v<T>, Argument &> {
      |                                                         ^
/home/thoma/.conan/data/argparse/2.9/_/_/package/5ab84d6acfe1f23c4fae0ab88f26e3a396351ac9/include/argparse/argparse.hpp:446:40: error: ‘is_arithmetic_v’ is not a member of ‘std’; did you mean ‘is_arithmetic’?
  446 |   auto scan() -> std::enable_if_t<std::is_arithmetic_v<T>, Argument &> {
      |                                        ^~~~~~~~~~~~~~~
      |                                        is_arithmetic
/home/thoma/.conan/data/argparse/2.9/_/_/package/5ab84d6acfe1f23c4fae0ab88f26e3a396351ac9/include/argparse/argparse.hpp:446:40: error: ‘is_arithmetic_v’ is not a member of ‘std’; did you mean ‘is_arithmetic’?
  446 |   auto scan() -> std::enable_if_t<std::is_arithmetic_v<T>, Argument &> {
      |                                        ^~~~~~~~~~~~~~~
      |                                        is_arithmetic
/home/thoma/.conan/data/argparse/2.9/_/_/package/5ab84d6acfe1f23c4fae0ab88f26e3a396351ac9/include/argparse/argparse.hpp:446:57: error: template argument 1 is invalid
  446 |   auto scan() -> std::enable_if_t<std::is_arithmetic_v<T>, Argument &> {
      |                                                         ^
/home/thoma/.conan/data/argparse/2.9/_/_/package/5ab84d6acfe1f23c4fae0ab88f26e3a396351ac9/include/argparse/argparse.hpp:446:40: error: ‘is_arithmetic_v’ is not a member of ‘std’; did you mean ‘is_arithmetic’?
  446 |   auto scan() -> std::enable_if_t<std::is_arithmetic_v<T>, Argument &> {
      |                                        ^~~~~~~~~~~~~~~
      |                                        is_arithmetic
/home/thoma/.conan/data/argparse/2.9/_/_/package/5ab84d6acfe1f23c4fae0ab88f26e3a396351ac9/include/argparse/argparse.hpp:446:40: error: ‘is_arithmetic_v’ is not a member of ‘std’; did you mean ‘is_arithmetic’?
  446 |   auto scan() -> std::enable_if_t<std::is_arithmetic_v<T>, Argument &> {
      |                                        ^~~~~~~~~~~~~~~
      |                                        is_arithmetic
/home/thoma/.conan/data/argparse/2.9/_/_/package/5ab84d6acfe1f23c4fae0ab88f26e3a396351ac9/include/argparse/argparse.hpp:446:57: error: template argument 1 is invalid
  446 |   auto scan() -> std::enable_if_t<std::is_arithmetic_v<T>, Argument &> {
      |                                                         ^
/home/thoma/.conan/data/argparse/2.9/_/_/package/5ab84d6acfe1f23c4fae0ab88f26e3a396351ac9/include/argparse/argparse.hpp:446:18: error: invalid use of template-name ‘std::enable_if_t’ without an argument list
  446 |   auto scan() -> std::enable_if_t<std::is_arithmetic_v<T>, Argument &> {
      |                  ^~~
In file included from /usr/include/c++/9/bits/move.h:55,
                 from /usr/include/c++/9/bits/nested_exception.h:40,
                 from /usr/include/c++/9/exception:144,
                 from /usr/include/c++/9/ios:39,
                 from /usr/include/c++/9/ostream:38,
                 from /usr/include/c++/9/iostream:39,
                 from src/genetic-alg.cpp:3:
/usr/include/c++/9/type_traits:2378:11: note: ‘template<bool _Cond, class _Tp> using enable_if_t = typename std::enable_if::type’ declared here
 2378 |     using enable_if_t = typename enable_if<_Cond, _Tp>::type;
      |           ^~~~~~~~~~~
In file included from src/genetic-alg.cpp:4:
/home/thoma/.conan/data/argparse/2.9/_/_/package/5ab84d6acfe1f23c4fae0ab88f26e3a396351ac9/include/argparse/argparse.hpp:446:34: error: expected initializer before ‘<’ token
  446 |   auto scan() -> std::enable_if_t<std::is_arithmetic_v<T>, Argument &> {
      |                                  ^
/home/thoma/.conan/data/argparse/2.9/_/_/package/5ab84d6acfe1f23c4fae0ab88f26e3a396351ac9/include/argparse/argparse.hpp:518:25: error: ‘std::string_view’ has not been declared
  518 |                    std::string_view used_name = {}) {
      |                         ^~~~~~~~~~~
/home/thoma/.conan/data/argparse/2.9/_/_/package/5ab84d6acfe1f23c4fae0ab88f26e3a396351ac9/include/argparse/argparse.hpp:788:30: error: ‘std::string_view’ has not been declared
  788 |   static auto lookahead(std::string_view s) -> int {
      |                              ^~~~~~~~~~~
/home/thoma/.conan/data/argparse/2.9/_/_/package/5ab84d6acfe1f23c4fae0ab88f26e3a396351ac9/include/argparse/argparse.hpp:823:39: error: ‘std::string_view’ has not been declared
  823 |   static bool is_decimal_literal(std::string_view s) {
      |                                       ^~~~~~~~~~~
/home/thoma/.conan/data/argparse/2.9/_/_/package/5ab84d6acfe1f23c4fae0ab88f26e3a396351ac9/include/argparse/argparse.hpp:934:32: error: ‘std::string_view’ has not been declared
  934 |   static bool is_optional(std::string_view name,
      |                                ^~~~~~~~~~~
/home/thoma/.conan/data/argparse/2.9/_/_/package/5ab84d6acfe1f23c4fae0ab88f26e3a396351ac9/include/argparse/argparse.hpp:935:32: error: ‘std::string_view’ has not been declared
  935 |                           std::string_view prefix_chars) {
      |                                ^~~~~~~~~~~
/home/thoma/.conan/data/argparse/2.9/_/_/package/5ab84d6acfe1f23c4fae0ab88f26e3a396351ac9/include/argparse/argparse.hpp:946:34: error: ‘std::string_view’ has not been declared
  946 |   static bool is_positional(std::string_view name,
      |                                  ^~~~~~~~~~~
/home/thoma/.conan/data/argparse/2.9/_/_/package/5ab84d6acfe1f23c4fae0ab88f26e3a396351ac9/include/argparse/argparse.hpp:947:34: error: ‘std::string_view’ has not been declared
  947 |                             std::string_view prefix_chars) {
      |                                  ^~~~~~~~~~~
/home/thoma/.conan/data/argparse/2.9/_/_/package/5ab84d6acfe1f23c4fae0ab88f26e3a396351ac9/include/argparse/argparse.hpp:994:54: error: ‘optional’ in namespace ‘std’ does not name a template type
  994 |   template <typename T> auto present() const -> std::optional<T> {
      |                                                      ^~~~~~~~
/home/thoma/.conan/data/argparse/2.9/_/_/package/5ab84d6acfe1f23c4fae0ab88f26e3a396351ac9/include/argparse/argparse.hpp:994:49: note: ‘std::optional’ is only available from C++17 onwards
  994 |   template <typename T> auto present() const -> std::optional<T> {
      |                                                 ^~~
/home/thoma/.conan/data/argparse/2.9/_/_/package/5ab84d6acfe1f23c4fae0ab88f26e3a396351ac9/include/argparse/argparse.hpp:994:62: error: expected initializer before ‘<’ token
  994 |   template <typename T> auto present() const -> std::optional<T> {
      |                                                              ^
/home/thoma/.conan/data/argparse/2.9/_/_/package/5ab84d6acfe1f23c4fae0ab88f26e3a396351ac9/include/argparse/argparse.hpp:1008:57: error: ‘any’ is not a member of ‘std’
 1008 |   static auto any_cast_container(const std::vector<std::any> &operand) -> T {
      |                                                         ^~~
/home/thoma/.conan/data/argparse/2.9/_/_/package/5ab84d6acfe1f23c4fae0ab88f26e3a396351ac9/include/argparse/argparse.hpp:1008:57: note: ‘std::any’ is only available from C++17 onwards
/home/thoma/.conan/data/argparse/2.9/_/_/package/5ab84d6acfe1f23c4fae0ab88f26e3a396351ac9/include/argparse/argparse.hpp:1008:57: error: ‘any’ is not a member of ‘std’
/home/thoma/.conan/data/argparse/2.9/_/_/package/5ab84d6acfe1f23c4fae0ab88f26e3a396351ac9/include/argparse/argparse.hpp:1008:57: note: ‘std::any’ is only available from C++17 onwards
/home/thoma/.conan/data/argparse/2.9/_/_/package/5ab84d6acfe1f23c4fae0ab88f26e3a396351ac9/include/argparse/argparse.hpp:1008:60: error: template argument 1 is invalid
 1008 |   static auto any_cast_container(const std::vector<std::any> &operand) -> T {
      |                                                            ^
/home/thoma/.conan/data/argparse/2.9/_/_/package/5ab84d6acfe1f23c4fae0ab88f26e3a396351ac9/include/argparse/argparse.hpp:1008:60: error: template argument 2 is invalid
/home/thoma/.conan/data/argparse/2.9/_/_/package/5ab84d6acfe1f23c4fae0ab88f26e3a396351ac9/include/argparse/argparse.hpp:1019:8: error: ‘string_view’ in namespace ‘std’ does not name a type
 1019 |   std::string_view m_used_name;
      |        ^~~~~~~~~~~
/home/thoma/.conan/data/argparse/2.9/_/_/package/5ab84d6acfe1f23c4fae0ab88f26e3a396351ac9/include/argparse/argparse.hpp:1019:3: note: ‘std::string_view’ is only available from C++17 onwards
 1019 |   std::string_view m_used_name;
      |   ^~~
/home/thoma/.conan/data/argparse/2.9/_/_/package/5ab84d6acfe1f23c4fae0ab88f26e3a396351ac9/include/argparse/argparse.hpp:1022:8: error: ‘any’ in namespace ‘std’ does not name a type
 1022 |   std::any m_default_value;
      |        ^~~
/home/thoma/.conan/data/argparse/2.9/_/_/package/5ab84d6acfe1f23c4fae0ab88f26e3a396351ac9/include/argparse/argparse.hpp:1022:3: note: ‘std::any’ is only available from C++17 onwards
 1022 |   std::any m_default_value;
      |   ^~~
/home/thoma/.conan/data/argparse/2.9/_/_/package/5ab84d6acfe1f23c4fae0ab88f26e3a396351ac9/include/argparse/argparse.hpp:1024:8: error: ‘any’ in namespace ‘std’ does not name a type
 1024 |   std::any m_implicit_value;
      |        ^~~
/home/thoma/.conan/data/argparse/2.9/_/_/package/5ab84d6acfe1f23c4fae0ab88f26e3a396351ac9/include/argparse/argparse.hpp:1024:3: note: ‘std::any’ is only available from C++17 onwards
 1024 |   std::any m_implicit_value;
      |   ^~~
/home/thoma/.conan/data/argparse/2.9/_/_/package/5ab84d6acfe1f23c4fae0ab88f26e3a396351ac9/include/argparse/argparse.hpp:1025:44: error: ‘any’ is not a member of ‘std’
 1025 |   using valued_action = std::function<std::any(const std::string &)>;
      |                                            ^~~
/home/thoma/.conan/data/argparse/2.9/_/_/package/5ab84d6acfe1f23c4fae0ab88f26e3a396351ac9/include/argparse/argparse.hpp:1025:44: note: ‘std::any’ is only available from C++17 onwards
/home/thoma/.conan/data/argparse/2.9/_/_/package/5ab84d6acfe1f23c4fae0ab88f26e3a396351ac9/include/argparse/argparse.hpp:1025:44: error: ‘any’ is not a member of ‘std’
/home/thoma/.conan/data/argparse/2.9/_/_/package/5ab84d6acfe1f23c4fae0ab88f26e3a396351ac9/include/argparse/argparse.hpp:1025:44: note: ‘std::any’ is only available from C++17 onwards
/home/thoma/.conan/data/argparse/2.9/_/_/package/5ab84d6acfe1f23c4fae0ab88f26e3a396351ac9/include/argparse/argparse.hpp:1025:68: error: template argument 1 is invalid
 1025 |   using valued_action = std::function<std::any(const std::string &)>;
      |                                                                    ^
/home/thoma/.conan/data/argparse/2.9/_/_/package/5ab84d6acfe1f23c4fae0ab88f26e3a396351ac9/include/argparse/argparse.hpp:1027:8: error: ‘variant’ in namespace ‘std’ does not name a template type
 1027 |   std::variant<valued_action, void_action> m_action{
      |        ^~~~~~~
/home/thoma/.conan/data/argparse/2.9/_/_/package/5ab84d6acfe1f23c4fae0ab88f26e3a396351ac9/include/argparse/argparse.hpp:1027:3: note: ‘std::variant’ is only available from C++17 onwards
 1027 |   std::variant<valued_action, void_action> m_action{
      |   ^~~
/home/thoma/.conan/data/argparse/2.9/_/_/package/5ab84d6acfe1f23c4fae0ab88f26e3a396351ac9/include/argparse/argparse.hpp:1030:20: error: ‘any’ is not a member of ‘std’
 1030 |   std::vector<std::any> m_values;
      |                    ^~~
/home/thoma/.conan/data/argparse/2.9/_/_/package/5ab84d6acfe1f23c4fae0ab88f26e3a396351ac9/include/argparse/argparse.hpp:1030:20: note: ‘std::any’ is only available from C++17 onwards
/home/thoma/.conan/data/argparse/2.9/_/_/package/5ab84d6acfe1f23c4fae0ab88f26e3a396351ac9/include/argparse/argparse.hpp:1030:20: error: ‘any’ is not a member of ‘std’
/home/thoma/.conan/data/argparse/2.9/_/_/package/5ab84d6acfe1f23c4fae0ab88f26e3a396351ac9/include/argparse/argparse.hpp:1030:20: note: ‘std::any’ is only available from C++17 onwards
/home/thoma/.conan/data/argparse/2.9/_/_/package/5ab84d6acfe1f23c4fae0ab88f26e3a396351ac9/include/argparse/argparse.hpp:1030:23: error: template argument 1 is invalid
 1030 |   std::vector<std::any> m_values;
      |                       ^
/home/thoma/.conan/data/argparse/2.9/_/_/package/5ab84d6acfe1f23c4fae0ab88f26e3a396351ac9/include/argparse/argparse.hpp:1030:23: error: template argument 2 is invalid
/home/thoma/.conan/data/argparse/2.9/_/_/package/5ab84d6acfe1f23c4fae0ab88f26e3a396351ac9/include/argparse/argparse.hpp:1037:8: error: ‘string_view’ in namespace ‘std’ does not name a type
 1037 |   std::string_view m_prefix_chars; // ArgumentParser has the prefix_chars
      |        ^~~~~~~~~~~
/home/thoma/.conan/data/argparse/2.9/_/_/package/5ab84d6acfe1f23c4fae0ab88f26e3a396351ac9/include/argparse/argparse.hpp:1037:3: note: ‘std::string_view’ is only available from C++17 onwards
 1037 |   std::string_view m_prefix_chars; // ArgumentParser has the prefix_chars
      |   ^~~
/home/thoma/.conan/data/argparse/2.9/_/_/package/5ab84d6acfe1f23c4fae0ab88f26e3a396351ac9/include/argparse/argparse.hpp:414:13: warning: non-static reference ‘argparse::Argument& argparse::Argument::implicit_value’ in class without a constructor [-Wuninitialized]
  414 |   Argument &implicit_value(std::any value) {
      |             ^~~~~~~~~~~~~~
/home/thoma/.conan/data/argparse/2.9/_/_/package/5ab84d6acfe1f23c4fae0ab88f26e3a396351ac9/include/argparse/argparse.hpp: In member function ‘argparse::Argument& argparse::Argument::default_value(T&&)’:
/home/thoma/.conan/data/argparse/2.9/_/_/package/5ab84d6acfe1f23c4fae0ab88f26e3a396351ac9/include/argparse/argparse.hpp:405:5: error: ‘m_default_value’ was not declared in this scope; did you mean ‘default_value’?
  405 |     m_default_value = std::forward<T>(value);
      |     ^~~~~~~~~~~~~~~
      |     default_value
/home/thoma/.conan/data/argparse/2.9/_/_/package/5ab84d6acfe1f23c4fae0ab88f26e3a396351ac9/include/argparse/argparse.hpp: In member function ‘Iterator argparse::Argument::consume(Iterator, Iterator, int)’:
/home/thoma/.conan/data/argparse/2.9/_/_/package/5ab84d6acfe1f23c4fae0ab88f26e3a396351ac9/include/argparse/argparse.hpp:523:5: error: ‘m_used_name’ was not declared in this scope; did you mean ‘used_name’?
  523 |     m_used_name = used_name;
      |     ^~~~~~~~~~~
      |     used_name
/home/thoma/.conan/data/argparse/2.9/_/_/package/5ab84d6acfe1f23c4fae0ab88f26e3a396351ac9/include/argparse/argparse.hpp:529:16: error: request for member ‘emplace_back’ in ‘((argparse::Argument*)this)->argparse::Argument::m_values’, which is of non-class type ‘int’
  529 |       m_values.emplace_back(m_implicit_value);
      |                ^~~~~~~~~~~~
/home/thoma/.conan/data/argparse/2.9/_/_/package/5ab84d6acfe1f23c4fae0ab88f26e3a396351ac9/include/argparse/argparse.hpp:529:29: error: ‘m_implicit_value’ was not declared in this scope; did you mean ‘implicit_value’?
  529 |       m_values.emplace_back(m_implicit_value);
      |                             ^~~~~~~~~~~~~~~~
      |                             implicit_value
/home/thoma/.conan/data/argparse/2.9/_/_/package/5ab84d6acfe1f23c4fae0ab88f26e3a396351ac9/include/argparse/argparse.hpp:530:12: error: ‘visit’ is not a member of ‘std’
  530 |       std::visit([](const auto &f) { f({}); }, m_action);
      |            ^~~~~
/home/thoma/.conan/data/argparse/2.9/_/_/package/5ab84d6acfe1f23c4fae0ab88f26e3a396351ac9/include/argparse/argparse.hpp:530:12: note: ‘std::visit’ is only available from C++17 onwards
/home/thoma/.conan/data/argparse/2.9/_/_/package/5ab84d6acfe1f23c4fae0ab88f26e3a396351ac9/include/argparse/argparse.hpp:530:48: error: ‘m_action’ was not declared in this scope; did you mean ‘void_action’?
  530 |       std::visit([](const auto &f) { f({}); }, m_action);
      |                                                ^~~~~~~~
      |                                                void_action
/home/thoma/.conan/data/argparse/2.9/_/_/package/5ab84d6acfe1f23c4fae0ab88f26e3a396351ac9/include/argparse/argparse.hpp:542:59: error: ‘m_prefix_chars’ was not declared in this scope
  542 |             std::bind(is_optional, std::placeholders::_1, m_prefix_chars));
      |                                                           ^~~~~~~~~~~~~~
/home/thoma/.conan/data/argparse/2.9/_/_/package/5ab84d6acfe1f23c4fae0ab88f26e3a396351ac9/include/argparse/argparse.hpp:550:25: error: ‘valued_action’ has not been declared
  550 |         void operator()(valued_action &f) {
      |                         ^~~~~~~~~~~~~
/home/thoma/.conan/data/argparse/2.9/_/_/package/5ab84d6acfe1f23c4fae0ab88f26e3a396351ac9/include/argparse/argparse.hpp: In member function ‘void argparse::Argument::consume(Iterator, Iterator, int)::ActionApply::operator()(argparse::Argument::void_action&)’:
/home/thoma/.conan/data/argparse/2.9/_/_/package/5ab84d6acfe1f23c4fae0ab88f26e3a396351ac9/include/argparse/argparse.hpp:556:21: error: ‘class argparse::Argument’ has no member named ‘m_default_value’; did you mean ‘default_value’?
  556 |           if (!self.m_default_value.has_value()) {
      |                     ^~~~~~~~~~~~~~~
      |                     default_value
/home/thoma/.conan/data/argparse/2.9/_/_/package/5ab84d6acfe1f23c4fae0ab88f26e3a396351ac9/include/argparse/argparse.hpp:558:29: error: request for member ‘resize’ in ‘((argparse::Argument::consume(Iterator, Iterator, int)::ActionApply*)this)->argparse::Argument::consume(Iterator, Iterator, int)::ActionApply::self.m_values’, which is of non-class type ‘int’
  558 |               self.m_values.resize(
      |                             ^~~~~~
/home/thoma/.conan/data/argparse/2.9/_/_/package/5ab84d6acfe1f23c4fae0ab88f26e3a396351ac9/include/argparse/argparse.hpp: In member function ‘Iterator argparse::Argument::consume(Iterator, Iterator, int)’:
/home/thoma/.conan/data/argparse/2.9/_/_/package/5ab84d6acfe1f23c4fae0ab88f26e3a396351ac9/include/argparse/argparse.hpp:567:12: error: ‘visit’ is not a member of ‘std’
  567 |       std::visit(ActionApply{start, end, *this}, m_action);
      |            ^~~~~
/home/thoma/.conan/data/argparse/2.9/_/_/package/5ab84d6acfe1f23c4fae0ab88f26e3a396351ac9/include/argparse/argparse.hpp:567:12: note: ‘std::visit’ is only available from C++17 onwards
/home/thoma/.conan/data/argparse/2.9/_/_/package/5ab84d6acfe1f23c4fae0ab88f26e3a396351ac9/include/argparse/argparse.hpp:567:50: error: ‘m_action’ was not declared in this scope; did you mean ‘void_action’?
  567 |       std::visit(ActionApply{start, end, *this}, m_action);
      |                                                  ^~~~~~~~
      |                                                  void_action
/home/thoma/.conan/data/argparse/2.9/_/_/package/5ab84d6acfe1f23c4fae0ab88f26e3a396351ac9/include/argparse/argparse.hpp:570:9: error: ‘m_default_value’ was not declared in this scope; did you mean ‘default_value’?
  570 |     if (m_default_value.has_value()) {
      |         ^~~~~~~~~~~~~~~
      |         default_value
/home/thoma/.conan/data/argparse/2.9/_/_/package/5ab84d6acfe1f23c4fae0ab88f26e3a396351ac9/include/argparse/argparse.hpp: In member function ‘void argparse::Argument::validate() const’:
/home/thoma/.conan/data/argparse/2.9/_/_/package/5ab84d6acfe1f23c4fae0ab88f26e3a396351ac9/include/argparse/argparse.hpp:583:26: error: ‘m_default_value’ was not declared in this scope; did you mean ‘default_value’?
  583 |       if (!m_is_used && !m_default_value.has_value() && m_is_required) {
      |                          ^~~~~~~~~~~~~~~
      |                          default_value
/home/thoma/.conan/data/argparse/2.9/_/_/package/5ab84d6acfe1f23c4fae0ab88f26e3a396351ac9/include/argparse/argparse.hpp:586:50: error: request for member ‘empty’ in ‘((const argparse::Argument*)this)->argparse::Argument::m_values’, which is of non-class type ‘const int’
  586 |       if (m_is_used && m_is_required && m_values.empty()) {
      |                                                  ^~~~~
/home/thoma/.conan/data/argparse/2.9/_/_/package/5ab84d6acfe1f23c4fae0ab88f26e3a396351ac9/include/argparse/argparse.hpp:590:47: error: request for member ‘size’ in ‘((const argparse::Argument*)this)->argparse::Argument::m_values’, which is of non-class type ‘const int’
  590 |       if (!m_num_args_range.contains(m_values.size()) &&
      |                                               ^~~~
/home/thoma/.conan/data/argparse/2.9/_/_/package/5ab84d6acfe1f23c4fae0ab88f26e3a396351ac9/include/argparse/argparse.hpp:591:12: error: ‘m_default_value’ was not declared in this scope; did you mean ‘default_value’?
  591 |           !m_default_value.has_value()) {
      |            ^~~~~~~~~~~~~~~
      |            default_value
/home/thoma/.conan/data/argparse/2.9/_/_/package/5ab84d6acfe1f23c4fae0ab88f26e3a396351ac9/include/argparse/argparse.hpp: In member function ‘std::size_t argparse::Argument::get_arguments_length() const’:
/home/thoma/.conan/data/argparse/2.9/_/_/package/5ab84d6acfe1f23c4fae0ab88f26e3a396351ac9/include/argparse/argparse.hpp:629:40: error: ‘m_prefix_chars’ was not declared in this scope
  629 |     if (is_positional(m_names.front(), m_prefix_chars)) {
      |                                        ^~~~~~~~~~~~~~
/home/thoma/.conan/data/argparse/2.9/_/_/package/5ab84d6acfe1f23c4fae0ab88f26e3a396351ac9/include/argparse/argparse.hpp: In function ‘std::ostream& argparse::operator<<(std::ostream&, const argparse::Argument&)’:
/home/thoma/.conan/data/argparse/2.9/_/_/package/5ab84d6acfe1f23c4fae0ab88f26e3a396351ac9/include/argparse/argparse.hpp:653:41: error: ‘const class argparse::Argument’ has no member named ‘m_prefix_chars’
  653 |                                argument.m_prefix_chars)) {
      |                                         ^~~~~~~~~~~~~~
/home/thoma/.conan/data/argparse/2.9/_/_/package/5ab84d6acfe1f23c4fae0ab88f26e3a396351ac9/include/argparse/argparse.hpp:677:18: error: ‘const class argparse::Argument’ has no member named ‘m_default_value’; did you mean ‘default_value’?
  677 |     if (argument.m_default_value.has_value() &&
      |                  ^~~~~~~~~~~~~~~
      |                  default_value
/home/thoma/.conan/data/argparse/2.9/_/_/package/5ab84d6acfe1f23c4fae0ab88f26e3a396351ac9/include/argparse/argparse.hpp: In member function ‘bool argparse::Argument::operator==(const T&) const’:
/home/thoma/.conan/data/argparse/2.9/_/_/package/5ab84d6acfe1f23c4fae0ab88f26e3a396351ac9/include/argparse/argparse.hpp:696:8: warning: ‘if constexpr’ only available with ‘-std=c++17’ or ‘-std=gnu++17’
  696 |     if constexpr (!details::IsContainer<T>) {
      |        ^~~~~~~~~
/home/thoma/.conan/data/argparse/2.9/_/_/package/5ab84d6acfe1f23c4fae0ab88f26e3a396351ac9/include/argparse/argparse.hpp: In member function ‘void argparse::Argument::throw_nargs_range_validation_error() const’:
/home/thoma/.conan/data/argparse/2.9/_/_/package/5ab84d6acfe1f23c4fae0ab88f26e3a396351ac9/include/argparse/argparse.hpp:759:10: error: ‘m_used_name’ was not declared in this scope
  759 |     if (!m_used_name.empty()) {
      |          ^~~~~~~~~~~
/home/thoma/.conan/data/argparse/2.9/_/_/package/5ab84d6acfe1f23c4fae0ab88f26e3a396351ac9/include/argparse/argparse.hpp:770:53: error: request for member ‘size’ in ‘((const argparse::Argument*)this)->argparse::Argument::m_values’, which is of non-class type ‘const int’
  770 |     stream << " argument(s) expected. " << m_values.size() << " provided.";
      |                                                     ^~~~
/home/thoma/.conan/data/argparse/2.9/_/_/package/5ab84d6acfe1f23c4fae0ab88f26e3a396351ac9/include/argparse/argparse.hpp: In member function ‘void argparse::Argument::throw_required_arg_no_value_provided_error() const’:
/home/thoma/.conan/data/argparse/2.9/_/_/package/5ab84d6acfe1f23c4fae0ab88f26e3a396351ac9/include/argparse/argparse.hpp:782:15: error: ‘m_used_name’ was not declared in this scope
  782 |     stream << m_used_name << ": no value provided.";
      |               ^~~~~~~~~~~
/home/thoma/.conan/data/argparse/2.9/_/_/package/5ab84d6acfe1f23c4fae0ab88f26e3a396351ac9/include/argparse/argparse.hpp: In static member function ‘static int argparse::Argument::lookahead(int)’:
/home/thoma/.conan/data/argparse/2.9/_/_/package/5ab84d6acfe1f23c4fae0ab88f26e3a396351ac9/include/argparse/argparse.hpp:789:11: error: request for member ‘empty’ in ‘s’, which is of non-class type ‘int’
  789 |     if (s.empty()) {
      |           ^~~~~
/home/thoma/.conan/data/argparse/2.9/_/_/package/5ab84d6acfe1f23c4fae0ab88f26e3a396351ac9/include/argparse/argparse.hpp:792:59: error: invalid types ‘int[int]’ for array subscript
  792 |     return static_cast<int>(static_cast<unsigned char>(s[0]));
      |                                                           ^
/home/thoma/.conan/data/argparse/2.9/_/_/package/5ab84d6acfe1f23c4fae0ab88f26e3a396351ac9/include/argparse/argparse.hpp: In static member function ‘static bool argparse::Argument::is_decimal_literal(int)’:
/home/thoma/.conan/data/argparse/2.9/_/_/package/5ab84d6acfe1f23c4fae0ab88f26e3a396351ac9/include/argparse/argparse.hpp:824:32: error: ‘constexpr’ lambda only available with ‘-std=c++17’ or ‘-std=gnu++17’
  824 |     auto is_digit = [](auto c) constexpr {
      |                                ^~~~~~~~~
/home/thoma/.conan/data/argparse/2.9/_/_/package/5ab84d6acfe1f23c4fae0ab88f26e3a396351ac9/include/argparse/argparse.hpp:843:36: error: ‘std::string_view’ has not been declared
  843 |     auto consume_digits = [=](std::string_view sd) {
      |                                    ^~~~~~~~~~~
/home/thoma/.conan/data/argparse/2.9/_/_/package/5ab84d6acfe1f23c4fae0ab88f26e3a396351ac9/include/argparse/argparse.hpp: In lambda function:
/home/thoma/.conan/data/argparse/2.9/_/_/package/5ab84d6acfe1f23c4fae0ab88f26e3a396351ac9/include/argparse/argparse.hpp:845:47: error: no matching function for call to ‘begin(int&)’
  845 |       auto it = std::find_if_not(std::begin(sd), std::end(sd), is_digit);
      |                                               ^
In file included from /usr/include/c++/9/bits/range_access.h:36,
                 from /usr/include/c++/9/string:54,
                 from /usr/include/c++/9/bits/locale_classes.h:40,
                 from /usr/include/c++/9/bits/ios_base.h:41,
                 from /usr/include/c++/9/ios:42,
                 from /usr/include/c++/9/ostream:38,
                 from /usr/include/c++/9/iostream:39,
                 from src/genetic-alg.cpp:3:
/usr/include/c++/9/initializer_list:89:5: note: candidate: ‘template<class _Tp> constexpr const _Tp* std::begin(std::initializer_list<_Tp>)’
   89 |     begin(initializer_list<_Tp> __ils) noexcept
      |     ^~~~~
/usr/include/c++/9/initializer_list:89:5: note:   template argument deduction/substitution failed:
In file included from src/genetic-alg.cpp:4:
/home/thoma/.conan/data/argparse/2.9/_/_/package/5ab84d6acfe1f23c4fae0ab88f26e3a396351ac9/include/argparse/argparse.hpp:845:47: note:   mismatched types ‘std::initializer_list<_Tp>’ and ‘int’
  845 |       auto it = std::find_if_not(std::begin(sd), std::end(sd), is_digit);
      |                                               ^
In file included from /usr/include/c++/9/string:54,
                 from /usr/include/c++/9/bits/locale_classes.h:40,
                 from /usr/include/c++/9/bits/ios_base.h:41,
                 from /usr/include/c++/9/ios:42,
                 from /usr/include/c++/9/ostream:38,
                 from /usr/include/c++/9/iostream:39,
                 from src/genetic-alg.cpp:3:
/usr/include/c++/9/bits/range_access.h:48:5: note: candidate: ‘template<class _Container> decltype (__cont.begin()) std::begin(_Container&)’
   48 |     begin(_Container& __cont) -> decltype(__cont.begin())
      |     ^~~~~
/usr/include/c++/9/bits/range_access.h:48:5: note:   template argument deduction/substitution failed:
/usr/include/c++/9/bits/range_access.h: In substitution of ‘template<class _Container> decltype (__cont.begin()) std::begin(_Container&) [with _Container = int]’:
/home/thoma/.conan/data/argparse/2.9/_/_/package/5ab84d6acfe1f23c4fae0ab88f26e3a396351ac9/include/argparse/argparse.hpp:845:47:   required from here
/usr/include/c++/9/bits/range_access.h:48:50: error: request for member ‘begin’ in ‘__cont’, which is of non-class type ‘int’
   48 |     begin(_Container& __cont) -> decltype(__cont.begin())
      |                                           ~~~~~~~^~~~~
/usr/include/c++/9/bits/range_access.h:58:5: note: candidate: ‘template<class _Container> decltype (__cont.begin()) std::begin(const _Container&)’
   58 |     begin(const _Container& __cont) -> decltype(__cont.begin())
      |     ^~~~~
/usr/include/c++/9/bits/range_access.h:58:5: note:   template argument deduction/substitution failed:
/usr/include/c++/9/bits/range_access.h: In substitution of ‘template<class _Container> decltype (__cont.begin()) std::begin(const _Container&) [with _Container = int]’:
/home/thoma/.conan/data/argparse/2.9/_/_/package/5ab84d6acfe1f23c4fae0ab88f26e3a396351ac9/include/argparse/argparse.hpp:845:47:   required from here
/usr/include/c++/9/bits/range_access.h:58:56: error: request for member ‘begin’ in ‘__cont’, which is of non-class type ‘const int’
   58 |     begin(const _Container& __cont) -> decltype(__cont.begin())
      |                                                 ~~~~~~~^~~~~
/usr/include/c++/9/bits/range_access.h:87:5: note: candidate: ‘template<class _Tp, long unsigned int _Nm> constexpr _Tp* std::begin(_Tp (&)[_Nm])’
   87 |     begin(_Tp (&__arr)[_Nm]) noexcept
      |     ^~~~~
/usr/include/c++/9/bits/range_access.h:87:5: note:   template argument deduction/substitution failed:
In file included from src/genetic-alg.cpp:4:
/home/thoma/.conan/data/argparse/2.9/_/_/package/5ab84d6acfe1f23c4fae0ab88f26e3a396351ac9/include/argparse/argparse.hpp:845:47: note:   mismatched types ‘_Tp [_Nm]’ and ‘int’
  845 |       auto it = std::find_if_not(std::begin(sd), std::end(sd), is_digit);
      |                                               ^
In file included from /usr/include/c++/9/string:54,
                 from /usr/include/c++/9/bits/locale_classes.h:40,
                 from /usr/include/c++/9/bits/ios_base.h:41,
                 from /usr/include/c++/9/ios:42,
                 from /usr/include/c++/9/ostream:38,
                 from /usr/include/c++/9/iostream:39,
                 from src/genetic-alg.cpp:3:
/usr/include/c++/9/bits/range_access.h:104:31: note: candidate: ‘template<class _Tp> _Tp* std::begin(std::valarray<_Tp>&)’
  104 |   template<typename _Tp> _Tp* begin(valarray<_Tp>&);
      |                               ^~~~~
/usr/include/c++/9/bits/range_access.h:104:31: note:   template argument deduction/substitution failed:
In file included from src/genetic-alg.cpp:4:
/home/thoma/.conan/data/argparse/2.9/_/_/package/5ab84d6acfe1f23c4fae0ab88f26e3a396351ac9/include/argparse/argparse.hpp:845:47: note:   mismatched types ‘std::valarray<_Tp>’ and ‘int’
  845 |       auto it = std::find_if_not(std::begin(sd), std::end(sd), is_digit);
      |                                               ^
In file included from /usr/include/c++/9/string:54,
                 from /usr/include/c++/9/bits/locale_classes.h:40,
                 from /usr/include/c++/9/bits/ios_base.h:41,
                 from /usr/include/c++/9/ios:42,
                 from /usr/include/c++/9/ostream:38,
                 from /usr/include/c++/9/iostream:39,
                 from src/genetic-alg.cpp:3:
/usr/include/c++/9/bits/range_access.h:105:37: note: candidate: ‘template<class _Tp> const _Tp* std::begin(const std::valarray<_Tp>&)’
  105 |   template<typename _Tp> const _Tp* begin(const valarray<_Tp>&);
      |                                     ^~~~~
/usr/include/c++/9/bits/range_access.h:105:37: note:   template argument deduction/substitution failed:
In file included from src/genetic-alg.cpp:4:
/home/thoma/.conan/data/argparse/2.9/_/_/package/5ab84d6acfe1f23c4fae0ab88f26e3a396351ac9/include/argparse/argparse.hpp:845:47: note:   mismatched types ‘const std::valarray<_Tp>’ and ‘int’
  845 |       auto it = std::find_if_not(std::begin(sd), std::end(sd), is_digit);
      |                                               ^
/home/thoma/.conan/data/argparse/2.9/_/_/package/5ab84d6acfe1f23c4fae0ab88f26e3a396351ac9/include/argparse/argparse.hpp:845:61: error: no matching function for call to ‘end(int&)’
  845 |       auto it = std::find_if_not(std::begin(sd), std::end(sd), is_digit);
      |                                                             ^
In file included from /usr/include/c++/9/bits/range_access.h:36,
                 from /usr/include/c++/9/string:54,
                 from /usr/include/c++/9/bits/locale_classes.h:40,
                 from /usr/include/c++/9/bits/ios_base.h:41,
                 from /usr/include/c++/9/ios:42,
                 from /usr/include/c++/9/ostream:38,
                 from /usr/include/c++/9/iostream:39,
                 from src/genetic-alg.cpp:3:
/usr/include/c++/9/initializer_list:99:5: note: candidate: ‘template<class _Tp> constexpr const _Tp* std::end(std::initializer_list<_Tp>)’
   99 |     end(initializer_list<_Tp> __ils) noexcept
      |     ^~~
/usr/include/c++/9/initializer_list:99:5: note:   template argument deduction/substitution failed:
In file included from src/genetic-alg.cpp:4:
/home/thoma/.conan/data/argparse/2.9/_/_/package/5ab84d6acfe1f23c4fae0ab88f26e3a396351ac9/include/argparse/argparse.hpp:845:61: note:   mismatched types ‘std::initializer_list<_Tp>’ and ‘int’
  845 |       auto it = std::find_if_not(std::begin(sd), std::end(sd), is_digit);
      |                                                             ^
In file included from /usr/include/c++/9/string:54,
                 from /usr/include/c++/9/bits/locale_classes.h:40,
                 from /usr/include/c++/9/bits/ios_base.h:41,
                 from /usr/include/c++/9/ios:42,
                 from /usr/include/c++/9/ostream:38,
                 from /usr/include/c++/9/iostream:39,
                 from src/genetic-alg.cpp:3:
/usr/include/c++/9/bits/range_access.h:68:5: note: candidate: ‘template<class _Container> decltype (__cont.end()) std::end(_Container&)’
   68 |     end(_Container& __cont) -> decltype(__cont.end())
      |     ^~~
/usr/include/c++/9/bits/range_access.h:68:5: note:   template argument deduction/substitution failed:
/usr/include/c++/9/bits/range_access.h: In substitution of ‘template<class _Container> decltype (__cont.end()) std::end(_Container&) [with _Container = int]’:
/home/thoma/.conan/data/argparse/2.9/_/_/package/5ab84d6acfe1f23c4fae0ab88f26e3a396351ac9/include/argparse/argparse.hpp:845:61:   required from here
/usr/include/c++/9/bits/range_access.h:68:48: error: request for member ‘end’ in ‘__cont’, which is of non-class type ‘int’
   68 |     end(_Container& __cont) -> decltype(__cont.end())
      |                                         ~~~~~~~^~~
/usr/include/c++/9/bits/range_access.h:78:5: note: candidate: ‘template<class _Container> decltype (__cont.end()) std::end(const _Container&)’
   78 |     end(const _Container& __cont) -> decltype(__cont.end())
      |     ^~~
/usr/include/c++/9/bits/range_access.h:78:5: note:   template argument deduction/substitution failed:
/usr/include/c++/9/bits/range_access.h: In substitution of ‘template<class _Container> decltype (__cont.end()) std::end(const _Container&) [with _Container = int]’:
/home/thoma/.conan/data/argparse/2.9/_/_/package/5ab84d6acfe1f23c4fae0ab88f26e3a396351ac9/include/argparse/argparse.hpp:845:61:   required from here
/usr/include/c++/9/bits/range_access.h:78:54: error: request for member ‘end’ in ‘__cont’, which is of non-class type ‘const int’
   78 |     end(const _Container& __cont) -> decltype(__cont.end())
      |                                               ~~~~~~~^~~
/usr/include/c++/9/bits/range_access.h:97:5: note: candidate: ‘template<class _Tp, long unsigned int _Nm> constexpr _Tp* std::end(_Tp (&)[_Nm])’
   97 |     end(_Tp (&__arr)[_Nm]) noexcept
      |     ^~~
/usr/include/c++/9/bits/range_access.h:97:5: note:   template argument deduction/substitution failed:
In file included from src/genetic-alg.cpp:4:
/home/thoma/.conan/data/argparse/2.9/_/_/package/5ab84d6acfe1f23c4fae0ab88f26e3a396351ac9/include/argparse/argparse.hpp:845:61: note:   mismatched types ‘_Tp [_Nm]’ and ‘int’
  845 |       auto it = std::find_if_not(std::begin(sd), std::end(sd), is_digit);
      |                                                             ^
In file included from /usr/include/c++/9/string:54,
                 from /usr/include/c++/9/bits/locale_classes.h:40,
                 from /usr/include/c++/9/bits/ios_base.h:41,
                 from /usr/include/c++/9/ios:42,
                 from /usr/include/c++/9/ostream:38,
                 from /usr/include/c++/9/iostream:39,
                 from src/genetic-alg.cpp:3:
/usr/include/c++/9/bits/range_access.h:106:31: note: candidate: ‘template<class _Tp> _Tp* std::end(std::valarray<_Tp>&)’
  106 |   template<typename _Tp> _Tp* end(valarray<_Tp>&);
      |                               ^~~
/usr/include/c++/9/bits/range_access.h:106:31: note:   template argument deduction/substitution failed:
In file included from src/genetic-alg.cpp:4:
/home/thoma/.conan/data/argparse/2.9/_/_/package/5ab84d6acfe1f23c4fae0ab88f26e3a396351ac9/include/argparse/argparse.hpp:845:61: note:   mismatched types ‘std::valarray<_Tp>’ and ‘int’
  845 |       auto it = std::find_if_not(std::begin(sd), std::end(sd), is_digit);
      |                                                             ^
In file included from /usr/include/c++/9/string:54,
                 from /usr/include/c++/9/bits/locale_classes.h:40,
                 from /usr/include/c++/9/bits/ios_base.h:41,
                 from /usr/include/c++/9/ios:42,
                 from /usr/include/c++/9/ostream:38,
                 from /usr/include/c++/9/iostream:39,
                 from src/genetic-alg.cpp:3:
/usr/include/c++/9/bits/range_access.h:107:37: note: candidate: ‘template<class _Tp> const _Tp* std::end(const std::valarray<_Tp>&)’
  107 |   template<typename _Tp> const _Tp* end(const valarray<_Tp>&);
      |                                     ^~~
/usr/include/c++/9/bits/range_access.h:107:37: note:   template argument deduction/substitution failed:
In file included from src/genetic-alg.cpp:4:
/home/thoma/.conan/data/argparse/2.9/_/_/package/5ab84d6acfe1f23c4fae0ab88f26e3a396351ac9/include/argparse/argparse.hpp:845:61: note:   mismatched types ‘const std::valarray<_Tp>’ and ‘int’
  845 |       auto it = std::find_if_not(std::begin(sd), std::end(sd), is_digit);
      |                                                             ^
/home/thoma/.conan/data/argparse/2.9/_/_/package/5ab84d6acfe1f23c4fae0ab88f26e3a396351ac9/include/argparse/argparse.hpp:846:17: error: request for member ‘substr’ in ‘sd’, which is of non-class type ‘int’
  846 |       return sd.substr(static_cast<std::size_t>(it - std::begin(sd)));
      |                 ^~~~~~
/home/thoma/.conan/data/argparse/2.9/_/_/package/5ab84d6acfe1f23c4fae0ab88f26e3a396351ac9/include/argparse/argparse.hpp:846:67: error: no matching function for call to ‘begin(int&)’
  846 |       return sd.substr(static_cast<std::size_t>(it - std::begin(sd)));
      |                                                                   ^
In file included from /usr/include/c++/9/bits/range_access.h:36,
                 from /usr/include/c++/9/string:54,
                 from /usr/include/c++/9/bits/locale_classes.h:40,
                 from /usr/include/c++/9/bits/ios_base.h:41,
                 from /usr/include/c++/9/ios:42,
                 from /usr/include/c++/9/ostream:38,
                 from /usr/include/c++/9/iostream:39,
                 from src/genetic-alg.cpp:3:
/usr/include/c++/9/initializer_list:89:5: note: candidate: ‘template<class _Tp> constexpr const _Tp* std::begin(std::initializer_list<_Tp>)’
   89 |     begin(initializer_list<_Tp> __ils) noexcept
      |     ^~~~~
/usr/include/c++/9/initializer_list:89:5: note:   template argument deduction/substitution failed:
In file included from src/genetic-alg.cpp:4:
/home/thoma/.conan/data/argparse/2.9/_/_/package/5ab84d6acfe1f23c4fae0ab88f26e3a396351ac9/include/argparse/argparse.hpp:846:67: note:   mismatched types ‘std::initializer_list<_Tp>’ and ‘int’
  846 |       return sd.substr(static_cast<std::size_t>(it - std::begin(sd)));
      |                                                                   ^
In file included from /usr/include/c++/9/string:54,
                 from /usr/include/c++/9/bits/locale_classes.h:40,
                 from /usr/include/c++/9/bits/ios_base.h:41,
                 from /usr/include/c++/9/ios:42,
                 from /usr/include/c++/9/ostream:38,
                 from /usr/include/c++/9/iostream:39,
                 from src/genetic-alg.cpp:3:
/usr/include/c++/9/bits/range_access.h:48:5: note: candidate: ‘template<class _Container> decltype (__cont.begin()) std::begin(_Container&)’
   48 |     begin(_Container& __cont) -> decltype(__cont.begin())
      |     ^~~~~
/usr/include/c++/9/bits/range_access.h:48:5: note:   template argument deduction/substitution failed:
/usr/include/c++/9/bits/range_access.h: In substitution of ‘template<class _Container> decltype (__cont.begin()) std::begin(_Container&) [with _Container = int]’:
/home/thoma/.conan/data/argparse/2.9/_/_/package/5ab84d6acfe1f23c4fae0ab88f26e3a396351ac9/include/argparse/argparse.hpp:846:67:   required from here
/usr/include/c++/9/bits/range_access.h:48:50: error: request for member ‘begin’ in ‘__cont’, which is of non-class type ‘int’
   48 |     begin(_Container& __cont) -> decltype(__cont.begin())
      |                                           ~~~~~~~^~~~~
/usr/include/c++/9/bits/range_access.h:58:5: note: candidate: ‘template<class _Container> decltype (__cont.begin()) std::begin(const _Container&)’
   58 |     begin(const _Container& __cont) -> decltype(__cont.begin())
      |     ^~~~~
/usr/include/c++/9/bits/range_access.h:58:5: note:   template argument deduction/substitution failed:
/usr/include/c++/9/bits/range_access.h: In substitution of ‘template<class _Container> decltype (__cont.begin()) std::begin(const _Container&) [with _Container = int]’:
/home/thoma/.conan/data/argparse/2.9/_/_/package/5ab84d6acfe1f23c4fae0ab88f26e3a396351ac9/include/argparse/argparse.hpp:846:67:   required from here
/usr/include/c++/9/bits/range_access.h:58:56: error: request for member ‘begin’ in ‘__cont’, which is of non-class type ‘const int’
   58 |     begin(const _Container& __cont) -> decltype(__cont.begin())
      |                                                 ~~~~~~~^~~~~
/usr/include/c++/9/bits/range_access.h:87:5: note: candidate: ‘template<class _Tp, long unsigned int _Nm> constexpr _Tp* std::begin(_Tp (&)[_Nm])’
   87 |     begin(_Tp (&__arr)[_Nm]) noexcept
      |     ^~~~~
/usr/include/c++/9/bits/range_access.h:87:5: note:   template argument deduction/substitution failed:
In file included from src/genetic-alg.cpp:4:
/home/thoma/.conan/data/argparse/2.9/_/_/package/5ab84d6acfe1f23c4fae0ab88f26e3a396351ac9/include/argparse/argparse.hpp:846:67: note:   mismatched types ‘_Tp [_Nm]’ and ‘int’
  846 |       return sd.substr(static_cast<std::size_t>(it - std::begin(sd)));
      |                                                                   ^
In file included from /usr/include/c++/9/string:54,
                 from /usr/include/c++/9/bits/locale_classes.h:40,
                 from /usr/include/c++/9/bits/ios_base.h:41,
                 from /usr/include/c++/9/ios:42,
                 from /usr/include/c++/9/ostream:38,
                 from /usr/include/c++/9/iostream:39,
                 from src/genetic-alg.cpp:3:
/usr/include/c++/9/bits/range_access.h:104:31: note: candidate: ‘template<class _Tp> _Tp* std::begin(std::valarray<_Tp>&)’
  104 |   template<typename _Tp> _Tp* begin(valarray<_Tp>&);
      |                               ^~~~~
/usr/include/c++/9/bits/range_access.h:104:31: note:   template argument deduction/substitution failed:
In file included from src/genetic-alg.cpp:4:
/home/thoma/.conan/data/argparse/2.9/_/_/package/5ab84d6acfe1f23c4fae0ab88f26e3a396351ac9/include/argparse/argparse.hpp:846:67: note:   mismatched types ‘std::valarray<_Tp>’ and ‘int’
  846 |       return sd.substr(static_cast<std::size_t>(it - std::begin(sd)));
      |                                                                   ^
In file included from /usr/include/c++/9/string:54,
                 from /usr/include/c++/9/bits/locale_classes.h:40,
                 from /usr/include/c++/9/bits/ios_base.h:41,
                 from /usr/include/c++/9/ios:42,
                 from /usr/include/c++/9/ostream:38,
                 from /usr/include/c++/9/iostream:39,
                 from src/genetic-alg.cpp:3:
/usr/include/c++/9/bits/range_access.h:105:37: note: candidate: ‘template<class _Tp> const _Tp* std::begin(const std::valarray<_Tp>&)’
  105 |   template<typename _Tp> const _Tp* begin(const valarray<_Tp>&);
      |                                     ^~~~~
/usr/include/c++/9/bits/range_access.h:105:37: note:   template argument deduction/substitution failed:
In file included from src/genetic-alg.cpp:4:
/home/thoma/.conan/data/argparse/2.9/_/_/package/5ab84d6acfe1f23c4fae0ab88f26e3a396351ac9/include/argparse/argparse.hpp:846:67: note:   mismatched types ‘const std::valarray<_Tp>’ and ‘int’
  846 |       return sd.substr(static_cast<std::size_t>(it - std::begin(sd)));
      |                                                                   ^
/home/thoma/.conan/data/argparse/2.9/_/_/package/5ab84d6acfe1f23c4fae0ab88f26e3a396351ac9/include/argparse/argparse.hpp: In static member function ‘static bool argparse::Argument::is_decimal_literal(int)’:
/home/thoma/.conan/data/argparse/2.9/_/_/package/5ab84d6acfe1f23c4fae0ab88f26e3a396351ac9/include/argparse/argparse.hpp:851:9: error: request for member ‘remove_prefix’ in ‘s’, which is of non-class type ‘int’
  851 |       s.remove_prefix(1);
      |         ^~~~~~~~~~~~~
/home/thoma/.conan/data/argparse/2.9/_/_/package/5ab84d6acfe1f23c4fae0ab88f26e3a396351ac9/include/argparse/argparse.hpp:852:13: error: request for member ‘empty’ in ‘s’, which is of non-class type ‘int’
  852 |       if (s.empty()) {
      |             ^~~~~
/home/thoma/.conan/data/argparse/2.9/_/_/package/5ab84d6acfe1f23c4fae0ab88f26e3a396351ac9/include/argparse/argparse.hpp:866:25: error: void value not ignored as it ought to be
  866 |       s = consume_digits(s);
      |           ~~~~~~~~~~~~~~^~~
/home/thoma/.conan/data/argparse/2.9/_/_/package/5ab84d6acfe1f23c4fae0ab88f26e3a396351ac9/include/argparse/argparse.hpp:867:13: error: request for member ‘empty’ in ‘s’, which is of non-class type ‘int’
  867 |       if (s.empty()) {
      |             ^~~~~
/home/thoma/.conan/data/argparse/2.9/_/_/package/5ab84d6acfe1f23c4fae0ab88f26e3a396351ac9/include/argparse/argparse.hpp:873:9: error: request for member ‘remove_prefix’ in ‘s’, which is of non-class type ‘int’
  873 |       s.remove_prefix(1);
      |         ^~~~~~~~~~~~~
/home/thoma/.conan/data/argparse/2.9/_/_/package/5ab84d6acfe1f23c4fae0ab88f26e3a396351ac9/include/argparse/argparse.hpp:881:23: error: void value not ignored as it ought to be
  881 |     s = consume_digits(s);
      |         ~~~~~~~~~~~~~~^~~
/home/thoma/.conan/data/argparse/2.9/_/_/package/5ab84d6acfe1f23c4fae0ab88f26e3a396351ac9/include/argparse/argparse.hpp:885:9: error: request for member ‘remove_prefix’ in ‘s’, which is of non-class type ‘int’
  885 |       s.remove_prefix(1);
      |         ^~~~~~~~~~~~~
/home/thoma/.conan/data/argparse/2.9/_/_/package/5ab84d6acfe1f23c4fae0ab88f26e3a396351ac9/include/argparse/argparse.hpp:894:9: error: request for member ‘remove_prefix’ in ‘s’, which is of non-class type ‘int’
  894 |       s.remove_prefix(1);
      |         ^~~~~~~~~~~~~
/home/thoma/.conan/data/argparse/2.9/_/_/package/5ab84d6acfe1f23c4fae0ab88f26e3a396351ac9/include/argparse/argparse.hpp:903:25: error: void value not ignored as it ought to be
  903 |       s = consume_digits(s);
      |           ~~~~~~~~~~~~~~^~~
/home/thoma/.conan/data/argparse/2.9/_/_/package/5ab84d6acfe1f23c4fae0ab88f26e3a396351ac9/include/argparse/argparse.hpp:914:9: error: request for member ‘remove_prefix’ in ‘s’, which is of non-class type ‘int’
  914 |       s.remove_prefix(1);
      |         ^~~~~~~~~~~~~
/home/thoma/.conan/data/argparse/2.9/_/_/package/5ab84d6acfe1f23c4fae0ab88f26e3a396351ac9/include/argparse/argparse.hpp:925:9: error: request for member ‘remove_prefix’ in ‘s’, which is of non-class type ‘int’
  925 |       s.remove_prefix(1);
      |         ^~~~~~~~~~~~~
/home/thoma/.conan/data/argparse/2.9/_/_/package/5ab84d6acfe1f23c4fae0ab88f26e3a396351ac9/include/argparse/argparse.hpp:928:25: error: void value not ignored as it ought to be
  928 |       s = consume_digits(s);
      |           ~~~~~~~~~~~~~~^~~
/home/thoma/.conan/data/argparse/2.9/_/_/package/5ab84d6acfe1f23c4fae0ab88f26e3a396351ac9/include/argparse/argparse.hpp:929:16: error: request for member ‘empty’ in ‘s’, which is of non-class type ‘int’
  929 |       return s.empty();
      |                ^~~~~
/home/thoma/.conan/data/argparse/2.9/_/_/package/5ab84d6acfe1f23c4fae0ab88f26e3a396351ac9/include/argparse/argparse.hpp: In static member function ‘static bool argparse::Argument::is_positional(int, int)’:
/home/thoma/.conan/data/argparse/2.9/_/_/package/5ab84d6acfe1f23c4fae0ab88f26e3a396351ac9/include/argparse/argparse.hpp:952:29: error: request for member ‘find’ in ‘prefix_chars’, which is of non-class type ‘int’
  952 |     } else if (prefix_chars.find(static_cast<char>(first)) !=
      |                             ^~~~
/home/thoma/.conan/data/argparse/2.9/_/_/package/5ab84d6acfe1f23c4fae0ab88f26e3a396351ac9/include/argparse/argparse.hpp:953:21: error: ‘std::string_view’ has not been declared
  953 |                std::string_view::npos) {
      |                     ^~~~~~~~~~~
/home/thoma/.conan/data/argparse/2.9/_/_/package/5ab84d6acfe1f23c4fae0ab88f26e3a396351ac9/include/argparse/argparse.hpp:954:12: error: request for member ‘remove_prefix’ in ‘name’, which is of non-class type ‘int’
  954 |       name.remove_prefix(1);
      |            ^~~~~~~~~~~~~
/home/thoma/.conan/data/argparse/2.9/_/_/package/5ab84d6acfe1f23c4fae0ab88f26e3a396351ac9/include/argparse/argparse.hpp:955:16: error: request for member ‘empty’ in ‘name’, which is of non-class type ‘int’
  955 |       if (name.empty()) {
      |                ^~~~~
/home/thoma/.conan/data/argparse/2.9/_/_/package/5ab84d6acfe1f23c4fae0ab88f26e3a396351ac9/include/argparse/argparse.hpp: In member function ‘std::conditional_t<IsContainer<T>, T, const T&> argparse::Argument::get() const’:
/home/thoma/.conan/data/argparse/2.9/_/_/package/5ab84d6acfe1f23c4fae0ab88f26e3a396351ac9/include/argparse/argparse.hpp:970:19: error: request for member ‘empty’ in ‘((const argparse::Argument*)this)->argparse::Argument::m_values’, which is of non-class type ‘const int’
  970 |     if (!m_values.empty()) {
      |                   ^~~~~
/home/thoma/.conan/data/argparse/2.9/_/_/package/5ab84d6acfe1f23c4fae0ab88f26e3a396351ac9/include/argparse/argparse.hpp:971:10: warning: ‘if constexpr’ only available with ‘-std=c++17’ or ‘-std=gnu++17’
  971 |       if constexpr (details::IsContainer<T>) {
      |          ^~~~~~~~~
/home/thoma/.conan/data/argparse/2.9/_/_/package/5ab84d6acfe1f23c4fae0ab88f26e3a396351ac9/include/argparse/argparse.hpp:974:22: error: ‘any_cast’ is not a member of ‘std’
  974 |         return *std::any_cast<T>(&m_values.front());
      |                      ^~~~~~~~
/home/thoma/.conan/data/argparse/2.9/_/_/package/5ab84d6acfe1f23c4fae0ab88f26e3a396351ac9/include/argparse/argparse.hpp:974:22: note: ‘std::any_cast’ is only available from C++17 onwards
/home/thoma/.conan/data/argparse/2.9/_/_/package/5ab84d6acfe1f23c4fae0ab88f26e3a396351ac9/include/argparse/argparse.hpp:974:32: error: expected primary-expression before ‘>’ token
  974 |         return *std::any_cast<T>(&m_values.front());
      |                                ^
/home/thoma/.conan/data/argparse/2.9/_/_/package/5ab84d6acfe1f23c4fae0ab88f26e3a396351ac9/include/argparse/argparse.hpp:974:44: error: request for member ‘front’ in ‘((const argparse::Argument*)this)->argparse::Argument::m_values’, which is of non-class type ‘const int’
  974 |         return *std::any_cast<T>(&m_values.front());
      |                                            ^~~~~
/home/thoma/.conan/data/argparse/2.9/_/_/package/5ab84d6acfe1f23c4fae0ab88f26e3a396351ac9/include/argparse/argparse.hpp:977:9: error: ‘m_default_value’ was not declared in this scope; did you mean ‘default_value’?
  977 |     if (m_default_value.has_value()) {
      |         ^~~~~~~~~~~~~~~
      |         default_value
/home/thoma/.conan/data/argparse/2.9/_/_/package/5ab84d6acfe1f23c4fae0ab88f26e3a396351ac9/include/argparse/argparse.hpp:978:20: error: ‘any_cast’ is not a member of ‘std’
  978 |       return *std::any_cast<T>(&m_default_value);
      |                    ^~~~~~~~
/home/thoma/.conan/data/argparse/2.9/_/_/package/5ab84d6acfe1f23c4fae0ab88f26e3a396351ac9/include/argparse/argparse.hpp:978:20: note: ‘std::any_cast’ is only available from C++17 onwards
/home/thoma/.conan/data/argparse/2.9/_/_/package/5ab84d6acfe1f23c4fae0ab88f26e3a396351ac9/include/argparse/argparse.hpp:978:30: error: expected primary-expression before ‘>’ token
  978 |       return *std::any_cast<T>(&m_default_value);
      |                              ^
/home/thoma/.conan/data/argparse/2.9/_/_/package/5ab84d6acfe1f23c4fae0ab88f26e3a396351ac9/include/argparse/argparse.hpp:980:8: warning: ‘if constexpr’ only available with ‘-std=c++17’ or ‘-std=gnu++17’
  980 |     if constexpr (details::IsContainer<T>) {
      |        ^~~~~~~~~
/home/thoma/.conan/data/argparse/2.9/_/_/package/5ab84d6acfe1f23c4fae0ab88f26e3a396351ac9/include/argparse/argparse.hpp: In static member function ‘static T argparse::Argument::any_cast_container(const int&)’:
/home/thoma/.conan/data/argparse/2.9/_/_/package/5ab84d6acfe1f23c4fae0ab88f26e3a396351ac9/include/argparse/argparse.hpp:1013:27: error: no matching function for call to ‘begin(const int&)’
 1013 |         std::begin(operand), std::end(operand), std::back_inserter(result),
      |                           ^
In file included from /usr/include/c++/9/bits/range_access.h:36,
                 from /usr/include/c++/9/string:54,
                 from /usr/include/c++/9/bits/locale_classes.h:40,
                 from /usr/include/c++/9/bits/ios_base.h:41,
                 from /usr/include/c++/9/ios:42,
                 from /usr/include/c++/9/ostream:38,
                 from /usr/include/c++/9/iostream:39,
                 from src/genetic-alg.cpp:3:
/usr/include/c++/9/initializer_list:89:5: note: candidate: ‘template<class _Tp> constexpr const _Tp* std::begin(std::initializer_list<_Tp>)’
   89 |     begin(initializer_list<_Tp> __ils) noexcept
      |     ^~~~~
/usr/include/c++/9/initializer_list:89:5: note:   template argument deduction/substitution failed:
In file included from src/genetic-alg.cpp:4:
/home/thoma/.conan/data/argparse/2.9/_/_/package/5ab84d6acfe1f23c4fae0ab88f26e3a396351ac9/include/argparse/argparse.hpp:1013:27: note:   mismatched types ‘std::initializer_list<_Tp>’ and ‘int’
 1013 |         std::begin(operand), std::end(operand), std::back_inserter(result),
      |                           ^
In file included from /usr/include/c++/9/string:54,
                 from /usr/include/c++/9/bits/locale_classes.h:40,
                 from /usr/include/c++/9/bits/ios_base.h:41,
                 from /usr/include/c++/9/ios:42,
                 from /usr/include/c++/9/ostream:38,
                 from /usr/include/c++/9/iostream:39,
                 from src/genetic-alg.cpp:3:
/usr/include/c++/9/bits/range_access.h:48:5: note: candidate: ‘template<class _Container> decltype (__cont.begin()) std::begin(_Container&)’
   48 |     begin(_Container& __cont) -> decltype(__cont.begin())
      |     ^~~~~
/usr/include/c++/9/bits/range_access.h:48:5: note:   template argument deduction/substitution failed:
/usr/include/c++/9/bits/range_access.h: In substitution of ‘template<class _Container> decltype (__cont.begin()) std::begin(_Container&) [with _Container = const int]’:
/home/thoma/.conan/data/argparse/2.9/_/_/package/5ab84d6acfe1f23c4fae0ab88f26e3a396351ac9/include/argparse/argparse.hpp:1013:27:   required from here
/usr/include/c++/9/bits/range_access.h:48:50: error: request for member ‘begin’ in ‘__cont’, which is of non-class type ‘const int’
   48 |     begin(_Container& __cont) -> decltype(__cont.begin())
      |                                           ~~~~~~~^~~~~
/usr/include/c++/9/bits/range_access.h:58:5: note: candidate: ‘template<class _Container> decltype (__cont.begin()) std::begin(const _Container&)’
   58 |     begin(const _Container& __cont) -> decltype(__cont.begin())
      |     ^~~~~
/usr/include/c++/9/bits/range_access.h:58:5: note:   template argument deduction/substitution failed:
/usr/include/c++/9/bits/range_access.h: In substitution of ‘template<class _Container> decltype (__cont.begin()) std::begin(const _Container&) [with _Container = int]’:
/home/thoma/.conan/data/argparse/2.9/_/_/package/5ab84d6acfe1f23c4fae0ab88f26e3a396351ac9/include/argparse/argparse.hpp:1013:27:   required from here
/usr/include/c++/9/bits/range_access.h:58:56: error: request for member ‘begin’ in ‘__cont’, which is of non-class type ‘const int’
   58 |     begin(const _Container& __cont) -> decltype(__cont.begin())
      |                                                 ~~~~~~~^~~~~
/usr/include/c++/9/bits/range_access.h:87:5: note: candidate: ‘template<class _Tp, long unsigned int _Nm> constexpr _Tp* std::begin(_Tp (&)[_Nm])’
   87 |     begin(_Tp (&__arr)[_Nm]) noexcept
      |     ^~~~~
/usr/include/c++/9/bits/range_access.h:87:5: note:   template argument deduction/substitution failed:
In file included from src/genetic-alg.cpp:4:
/home/thoma/.conan/data/argparse/2.9/_/_/package/5ab84d6acfe1f23c4fae0ab88f26e3a396351ac9/include/argparse/argparse.hpp:1013:27: note:   mismatched types ‘_Tp [_Nm]’ and ‘const int’
 1013 |         std::begin(operand), std::end(operand), std::back_inserter(result),
      |                           ^
In file included from /usr/include/c++/9/string:54,
                 from /usr/include/c++/9/bits/locale_classes.h:40,
                 from /usr/include/c++/9/bits/ios_base.h:41,
                 from /usr/include/c++/9/ios:42,
                 from /usr/include/c++/9/ostream:38,
                 from /usr/include/c++/9/iostream:39,
                 from src/genetic-alg.cpp:3:
/usr/include/c++/9/bits/range_access.h:104:31: note: candidate: ‘template<class _Tp> _Tp* std::begin(std::valarray<_Tp>&)’
  104 |   template<typename _Tp> _Tp* begin(valarray<_Tp>&);
      |                               ^~~~~
/usr/include/c++/9/bits/range_access.h:104:31: note:   template argument deduction/substitution failed:
In file included from src/genetic-alg.cpp:4:
/home/thoma/.conan/data/argparse/2.9/_/_/package/5ab84d6acfe1f23c4fae0ab88f26e3a396351ac9/include/argparse/argparse.hpp:1013:27: note:   mismatched types ‘std::valarray<_Tp>’ and ‘const int’
 1013 |         std::begin(operand), std::end(operand), std::back_inserter(result),
      |                           ^
In file included from /usr/include/c++/9/string:54,
                 from /usr/include/c++/9/bits/locale_classes.h:40,
                 from /usr/include/c++/9/bits/ios_base.h:41,
                 from /usr/include/c++/9/ios:42,
                 from /usr/include/c++/9/ostream:38,
                 from /usr/include/c++/9/iostream:39,
                 from src/genetic-alg.cpp:3:
/usr/include/c++/9/bits/range_access.h:105:37: note: candidate: ‘template<class _Tp> const _Tp* std::begin(const std::valarray<_Tp>&)’
  105 |   template<typename _Tp> const _Tp* begin(const valarray<_Tp>&);
      |                                     ^~~~~
/usr/include/c++/9/bits/range_access.h:105:37: note:   template argument deduction/substitution failed:
In file included from src/genetic-alg.cpp:4:
/home/thoma/.conan/data/argparse/2.9/_/_/package/5ab84d6acfe1f23c4fae0ab88f26e3a396351ac9/include/argparse/argparse.hpp:1013:27: note:   mismatched types ‘const std::valarray<_Tp>’ and ‘const int’
 1013 |         std::begin(operand), std::end(operand), std::back_inserter(result),
      |                           ^
/home/thoma/.conan/data/argparse/2.9/_/_/package/5ab84d6acfe1f23c4fae0ab88f26e3a396351ac9/include/argparse/argparse.hpp:1013:46: error: no matching function for call to ‘end(const int&)’
 1013 |         std::begin(operand), std::end(operand), std::back_inserter(result),
      |                                              ^
In file included from /usr/include/c++/9/bits/range_access.h:36,
                 from /usr/include/c++/9/string:54,
                 from /usr/include/c++/9/bits/locale_classes.h:40,
                 from /usr/include/c++/9/bits/ios_base.h:41,
                 from /usr/include/c++/9/ios:42,
                 from /usr/include/c++/9/ostream:38,
                 from /usr/include/c++/9/iostream:39,
                 from src/genetic-alg.cpp:3:
/usr/include/c++/9/initializer_list:99:5: note: candidate: ‘template<class _Tp> constexpr const _Tp* std::end(std::initializer_list<_Tp>)’
   99 |     end(initializer_list<_Tp> __ils) noexcept
      |     ^~~
/usr/include/c++/9/initializer_list:99:5: note:   template argument deduction/substitution failed:
In file included from src/genetic-alg.cpp:4:
/home/thoma/.conan/data/argparse/2.9/_/_/package/5ab84d6acfe1f23c4fae0ab88f26e3a396351ac9/include/argparse/argparse.hpp:1013:46: note:   mismatched types ‘std::initializer_list<_Tp>’ and ‘int’
 1013 |         std::begin(operand), std::end(operand), std::back_inserter(result),
      |                                              ^
In file included from /usr/include/c++/9/string:54,
                 from /usr/include/c++/9/bits/locale_classes.h:40,
                 from /usr/include/c++/9/bits/ios_base.h:41,
                 from /usr/include/c++/9/ios:42,
                 from /usr/include/c++/9/ostream:38,
                 from /usr/include/c++/9/iostream:39,
                 from src/genetic-alg.cpp:3:
/usr/include/c++/9/bits/range_access.h:68:5: note: candidate: ‘template<class _Container> decltype (__cont.end()) std::end(_Container&)’
   68 |     end(_Container& __cont) -> decltype(__cont.end())
      |     ^~~
/usr/include/c++/9/bits/range_access.h:68:5: note:   template argument deduction/substitution failed:
/usr/include/c++/9/bits/range_access.h: In substitution of ‘template<class _Container> decltype (__cont.end()) std::end(_Container&) [with _Container = const int]’:
/home/thoma/.conan/data/argparse/2.9/_/_/package/5ab84d6acfe1f23c4fae0ab88f26e3a396351ac9/include/argparse/argparse.hpp:1013:46:   required from here
/usr/include/c++/9/bits/range_access.h:68:48: error: request for member ‘end’ in ‘__cont’, which is of non-class type ‘const int’
   68 |     end(_Container& __cont) -> decltype(__cont.end())
      |                                         ~~~~~~~^~~
/usr/include/c++/9/bits/range_access.h:78:5: note: candidate: ‘template<class _Container> decltype (__cont.end()) std::end(const _Container&)’
   78 |     end(const _Container& __cont) -> decltype(__cont.end())
      |     ^~~
/usr/include/c++/9/bits/range_access.h:78:5: note:   template argument deduction/substitution failed:
/usr/include/c++/9/bits/range_access.h: In substitution of ‘template<class _Container> decltype (__cont.end()) std::end(const _Container&) [with _Container = int]’:
/home/thoma/.conan/data/argparse/2.9/_/_/package/5ab84d6acfe1f23c4fae0ab88f26e3a396351ac9/include/argparse/argparse.hpp:1013:46:   required from here
/usr/include/c++/9/bits/range_access.h:78:54: error: request for member ‘end’ in ‘__cont’, which is of non-class type ‘const int’
   78 |     end(const _Container& __cont) -> decltype(__cont.end())
      |                                               ~~~~~~~^~~
/usr/include/c++/9/bits/range_access.h:97:5: note: candidate: ‘template<class _Tp, long unsigned int _Nm> constexpr _Tp* std::end(_Tp (&)[_Nm])’
   97 |     end(_Tp (&__arr)[_Nm]) noexcept
      |     ^~~
/usr/include/c++/9/bits/range_access.h:97:5: note:   template argument deduction/substitution failed:
In file included from src/genetic-alg.cpp:4:
/home/thoma/.conan/data/argparse/2.9/_/_/package/5ab84d6acfe1f23c4fae0ab88f26e3a396351ac9/include/argparse/argparse.hpp:1013:46: note:   mismatched types ‘_Tp [_Nm]’ and ‘const int’
 1013 |         std::begin(operand), std::end(operand), std::back_inserter(result),
      |                                              ^
In file included from /usr/include/c++/9/string:54,
                 from /usr/include/c++/9/bits/locale_classes.h:40,
                 from /usr/include/c++/9/bits/ios_base.h:41,
                 from /usr/include/c++/9/ios:42,
                 from /usr/include/c++/9/ostream:38,
                 from /usr/include/c++/9/iostream:39,
                 from src/genetic-alg.cpp:3:
/usr/include/c++/9/bits/range_access.h:106:31: note: candidate: ‘template<class _Tp> _Tp* std::end(std::valarray<_Tp>&)’
  106 |   template<typename _Tp> _Tp* end(valarray<_Tp>&);
      |                               ^~~
/usr/include/c++/9/bits/range_access.h:106:31: note:   template argument deduction/substitution failed:
In file included from src/genetic-alg.cpp:4:
/home/thoma/.conan/data/argparse/2.9/_/_/package/5ab84d6acfe1f23c4fae0ab88f26e3a396351ac9/include/argparse/argparse.hpp:1013:46: note:   mismatched types ‘std::valarray<_Tp>’ and ‘const int’
 1013 |         std::begin(operand), std::end(operand), std::back_inserter(result),
      |                                              ^
In file included from /usr/include/c++/9/string:54,
                 from /usr/include/c++/9/bits/locale_classes.h:40,
                 from /usr/include/c++/9/bits/ios_base.h:41,
                 from /usr/include/c++/9/ios:42,
                 from /usr/include/c++/9/ostream:38,
                 from /usr/include/c++/9/iostream:39,
                 from src/genetic-alg.cpp:3:
/usr/include/c++/9/bits/range_access.h:107:37: note: candidate: ‘template<class _Tp> const _Tp* std::end(const std::valarray<_Tp>&)’
  107 |   template<typename _Tp> const _Tp* end(const valarray<_Tp>&);
      |                                     ^~~
/usr/include/c++/9/bits/range_access.h:107:37: note:   template argument deduction/substitution failed:
In file included from src/genetic-alg.cpp:4:
/home/thoma/.conan/data/argparse/2.9/_/_/package/5ab84d6acfe1f23c4fae0ab88f26e3a396351ac9/include/argparse/argparse.hpp:1013:46: note:   mismatched types ‘const std::valarray<_Tp>’ and ‘const int’
 1013 |         std::begin(operand), std::end(operand), std::back_inserter(result),
      |                                              ^
/home/thoma/.conan/data/argparse/2.9/_/_/package/5ab84d6acfe1f23c4fae0ab88f26e3a396351ac9/include/argparse/argparse.hpp: In lambda function:
/home/thoma/.conan/data/argparse/2.9/_/_/package/5ab84d6acfe1f23c4fae0ab88f26e3a396351ac9/include/argparse/argparse.hpp:1014:46: error: ‘any_cast’ is not a member of ‘std’
 1014 |         [](const auto &value) { return *std::any_cast<ValueType>(&value); });
      |                                              ^~~~~~~~
/home/thoma/.conan/data/argparse/2.9/_/_/package/5ab84d6acfe1f23c4fae0ab88f26e3a396351ac9/include/argparse/argparse.hpp:1014:46: note: ‘std::any_cast’ is only available from C++17 onwards
/home/thoma/.conan/data/argparse/2.9/_/_/package/5ab84d6acfe1f23c4fae0ab88f26e3a396351ac9/include/argparse/argparse.hpp:1014:64: error: expected primary-expression before ‘>’ token
 1014 |         [](const auto &value) { return *std::any_cast<ValueType>(&value); });
      |                                                                ^
/home/thoma/.conan/data/argparse/2.9/_/_/package/5ab84d6acfe1f23c4fae0ab88f26e3a396351ac9/include/argparse/argparse.hpp: At global scope:
/home/thoma/.conan/data/argparse/2.9/_/_/package/5ab84d6acfe1f23c4fae0ab88f26e3a396351ac9/include/argparse/argparse.hpp:1214:17: error: ‘std::string_view’ has not been declared
 1214 |   auto get(std::string_view arg_name) const
      |                 ^~~~~~~~~~~
/home/thoma/.conan/data/argparse/2.9/_/_/package/5ab84d6acfe1f23c4fae0ab88f26e3a396351ac9/include/argparse/argparse.hpp:1228:21: error: ‘std::string_view’ has not been declared
 1228 |   auto present(std::string_view arg_name) const -> std::optional<T> {
      |                     ^~~~~~~~~~~
/home/thoma/.conan/data/argparse/2.9/_/_/package/5ab84d6acfe1f23c4fae0ab88f26e3a396351ac9/include/argparse/argparse.hpp:1228:57: error: ‘optional’ in namespace ‘std’ does not name a template type
 1228 |   auto present(std::string_view arg_name) const -> std::optional<T> {
      |                                                         ^~~~~~~~
/home/thoma/.conan/data/argparse/2.9/_/_/package/5ab84d6acfe1f23c4fae0ab88f26e3a396351ac9/include/argparse/argparse.hpp:1228:52: note: ‘std::optional’ is only available from C++17 onwards
 1228 |   auto present(std::string_view arg_name) const -> std::optional<T> {
      |                                                    ^~~
/home/thoma/.conan/data/argparse/2.9/_/_/package/5ab84d6acfe1f23c4fae0ab88f26e3a396351ac9/include/argparse/argparse.hpp:1228:65: error: expected initializer before ‘<’ token
 1228 |   auto present(std::string_view arg_name) const -> std::optional<T> {
      |                                                                 ^
/home/thoma/.conan/data/argparse/2.9/_/_/package/5ab84d6acfe1f23c4fae0ab88f26e3a396351ac9/include/argparse/argparse.hpp:1235:21: error: ‘std::string_view’ has not been declared
 1235 |   auto is_used(std::string_view arg_name) const {
      |                     ^~~~~~~~~~~
/home/thoma/.conan/data/argparse/2.9/_/_/package/5ab84d6acfe1f23c4fae0ab88f26e3a396351ac9/include/argparse/argparse.hpp:1242:32: error: ‘std::string_view’ has not been declared
 1242 |   auto is_subcommand_used(std::string_view subcommand_name) const {
      |                                ^~~~~~~~~~~
/home/thoma/.conan/data/argparse/2.9/_/_/package/5ab84d6acfe1f23c4fae0ab88f26e3a396351ac9/include/argparse/argparse.hpp:1250:29: error: declaration of ‘operator[]’ as non-function
 1250 |   Argument &operator[](std::string_view arg_name) const {
      |                             ^~~~~~~~~~~
/home/thoma/.conan/data/argparse/2.9/_/_/package/5ab84d6acfe1f23c4fae0ab88f26e3a396351ac9/include/argparse/argparse.hpp:1250:22: error: expected ‘;’ at end of member declaration
 1250 |   Argument &operator[](std::string_view arg_name) const {
      |                      ^
      |                       ;
/home/thoma/.conan/data/argparse/2.9/_/_/package/5ab84d6acfe1f23c4fae0ab88f26e3a396351ac9/include/argparse/argparse.hpp:1250:40: error: expected ‘)’ before ‘arg_name’
 1250 |   Argument &operator[](std::string_view arg_name) const {
      |                       ~                ^~~~~~~~~
      |                                        )
/home/thoma/.conan/data/argparse/2.9/_/_/package/5ab84d6acfe1f23c4fae0ab88f26e3a396351ac9/include/argparse/argparse.hpp:1645:17: error: ‘string_view’ is not a member of ‘std’
 1645 |   std::map<std::string_view, argument_it, std::less<>> m_argument_map;
      |                 ^~~~~~~~~~~
/home/thoma/.conan/data/argparse/2.9/_/_/package/5ab84d6acfe1f23c4fae0ab88f26e3a396351ac9/include/argparse/argparse.hpp:1645:17: note: ‘std::string_view’ is only available from C++17 onwards
/home/thoma/.conan/data/argparse/2.9/_/_/package/5ab84d6acfe1f23c4fae0ab88f26e3a396351ac9/include/argparse/argparse.hpp:1645:17: error: ‘string_view’ is not a member of ‘std’
/home/thoma/.conan/data/argparse/2.9/_/_/package/5ab84d6acfe1f23c4fae0ab88f26e3a396351ac9/include/argparse/argparse.hpp:1645:17: note: ‘std::string_view’ is only available from C++17 onwards
/home/thoma/.conan/data/argparse/2.9/_/_/package/5ab84d6acfe1f23c4fae0ab88f26e3a396351ac9/include/argparse/argparse.hpp:1645:53: error: template argument 1 is invalid
 1645 |   std::map<std::string_view, argument_it, std::less<>> m_argument_map;
      |                                                     ^~
/home/thoma/.conan/data/argparse/2.9/_/_/package/5ab84d6acfe1f23c4fae0ab88f26e3a396351ac9/include/argparse/argparse.hpp:1645:53: error: template argument 4 is invalid
/home/thoma/.conan/data/argparse/2.9/_/_/package/5ab84d6acfe1f23c4fae0ab88f26e3a396351ac9/include/argparse/argparse.hpp:1648:17: error: ‘string_view’ is not a member of ‘std’
 1648 |   std::map<std::string_view, argument_parser_it, std::less<>> m_subparser_map;
      |                 ^~~~~~~~~~~
/home/thoma/.conan/data/argparse/2.9/_/_/package/5ab84d6acfe1f23c4fae0ab88f26e3a396351ac9/include/argparse/argparse.hpp:1648:17: note: ‘std::string_view’ is only available from C++17 onwards
/home/thoma/.conan/data/argparse/2.9/_/_/package/5ab84d6acfe1f23c4fae0ab88f26e3a396351ac9/include/argparse/argparse.hpp:1648:17: error: ‘string_view’ is not a member of ‘std’
/home/thoma/.conan/data/argparse/2.9/_/_/package/5ab84d6acfe1f23c4fae0ab88f26e3a396351ac9/include/argparse/argparse.hpp:1648:17: note: ‘std::string_view’ is only available from C++17 onwards
/home/thoma/.conan/data/argparse/2.9/_/_/package/5ab84d6acfe1f23c4fae0ab88f26e3a396351ac9/include/argparse/argparse.hpp:1648:60: error: template argument 1 is invalid
 1648 |   std::map<std::string_view, argument_parser_it, std::less<>> m_subparser_map;
      |                                                            ^~
/home/thoma/.conan/data/argparse/2.9/_/_/package/5ab84d6acfe1f23c4fae0ab88f26e3a396351ac9/include/argparse/argparse.hpp:1648:60: error: template argument 4 is invalid
/home/thoma/.conan/data/argparse/2.9/_/_/package/5ab84d6acfe1f23c4fae0ab88f26e3a396351ac9/include/argparse/argparse.hpp:1649:17: error: ‘string_view’ is not a member of ‘std’
 1649 |   std::map<std::string_view, bool, std::less<>> m_subparser_used;
      |                 ^~~~~~~~~~~
/home/thoma/.conan/data/argparse/2.9/_/_/package/5ab84d6acfe1f23c4fae0ab88f26e3a396351ac9/include/argparse/argparse.hpp:1649:17: note: ‘std::string_view’ is only available from C++17 onwards
/home/thoma/.conan/data/argparse/2.9/_/_/package/5ab84d6acfe1f23c4fae0ab88f26e3a396351ac9/include/argparse/argparse.hpp:1649:17: error: ‘string_view’ is not a member of ‘std’
/home/thoma/.conan/data/argparse/2.9/_/_/package/5ab84d6acfe1f23c4fae0ab88f26e3a396351ac9/include/argparse/argparse.hpp:1649:17: note: ‘std::string_view’ is only available from C++17 onwards
/home/thoma/.conan/data/argparse/2.9/_/_/package/5ab84d6acfe1f23c4fae0ab88f26e3a396351ac9/include/argparse/argparse.hpp:1649:46: error: template argument 1 is invalid
 1649 |   std::map<std::string_view, bool, std::less<>> m_subparser_used;
      |                                              ^~
/home/thoma/.conan/data/argparse/2.9/_/_/package/5ab84d6acfe1f23c4fae0ab88f26e3a396351ac9/include/argparse/argparse.hpp:1649:46: error: template argument 4 is invalid
/home/thoma/.conan/data/argparse/2.9/_/_/package/5ab84d6acfe1f23c4fae0ab88f26e3a396351ac9/include/argparse/argparse.hpp: In constructor ‘argparse::ArgumentParser::ArgumentParser(std::string, std::string, argparse::default_arguments)’:
/home/thoma/.conan/data/argparse/2.9/_/_/package/5ab84d6acfe1f23c4fae0ab88f26e3a396351ac9/include/argparse/argparse.hpp:1049:12: error: ‘class argparse::Argument’ has no member named ‘action’
 1049 |           .action([&](const auto & /*unused*/) {
      |            ^~~~~~
/home/thoma/.conan/data/argparse/2.9/_/_/package/5ab84d6acfe1f23c4fae0ab88f26e3a396351ac9/include/argparse/argparse.hpp:1060:12: error: ‘class argparse::Argument’ has no member named ‘action’
 1060 |           .action([&](const auto & /*unused*/) {
      |            ^~~~~~
/home/thoma/.conan/data/argparse/2.9/_/_/package/5ab84d6acfe1f23c4fae0ab88f26e3a396351ac9/include/argparse/argparse.hpp: In copy constructor ‘argparse::ArgumentParser::ArgumentParser(const argparse::ArgumentParser&)’:
/home/thoma/.conan/data/argparse/2.9/_/_/package/5ab84d6acfe1f23c4fae0ab88f26e3a396351ac9/include/argparse/argparse.hpp:1092:23: error: request for member ‘insert_or_assign’ in ‘((argparse::ArgumentParser*)this)->argparse::ArgumentParser::m_subparser_map’, which is of non-class type ‘int’
 1092 |       m_subparser_map.insert_or_assign(it->get().m_program_name, it);
      |                       ^~~~~~~~~~~~~~~~
/home/thoma/.conan/data/argparse/2.9/_/_/package/5ab84d6acfe1f23c4fae0ab88f26e3a396351ac9/include/argparse/argparse.hpp:1093:24: error: request for member ‘insert_or_assign’ in ‘((argparse::ArgumentParser*)this)->argparse::ArgumentParser::m_subparser_used’, which is of non-class type ‘int’
 1093 |       m_subparser_used.insert_or_assign(it->get().m_program_name, false);
      |                        ^~~~~~~~~~~~~~~~
/home/thoma/.conan/data/argparse/2.9/_/_/package/5ab84d6acfe1f23c4fae0ab88f26e3a396351ac9/include/argparse/argparse.hpp: In member function ‘argparse::Argument& argparse::ArgumentParser::add_argument(Targs ...)’:
/home/thoma/.conan/data/argparse/2.9/_/_/package/5ab84d6acfe1f23c4fae0ab88f26e3a396351ac9/include/argparse/argparse.hpp:1108:41: error: ‘string_view’ is not a member of ‘std’
 1108 |     using array_of_sv = std::array<std::string_view, sizeof...(Targs)>;
      |                                         ^~~~~~~~~~~
/home/thoma/.conan/data/argparse/2.9/_/_/package/5ab84d6acfe1f23c4fae0ab88f26e3a396351ac9/include/argparse/argparse.hpp:1108:41: note: ‘std::string_view’ is only available from C++17 onwards
/home/thoma/.conan/data/argparse/2.9/_/_/package/5ab84d6acfe1f23c4fae0ab88f26e3a396351ac9/include/argparse/argparse.hpp:1108:41: error: ‘string_view’ is not a member of ‘std’
/home/thoma/.conan/data/argparse/2.9/_/_/package/5ab84d6acfe1f23c4fae0ab88f26e3a396351ac9/include/argparse/argparse.hpp:1108:41: note: ‘std::string_view’ is only available from C++17 onwards
/home/thoma/.conan/data/argparse/2.9/_/_/package/5ab84d6acfe1f23c4fae0ab88f26e3a396351ac9/include/argparse/argparse.hpp:1108:70: error: template argument 1 is invalid
 1108 |     using array_of_sv = std::array<std::string_view, sizeof...(Targs)>;
      |                                                                      ^
/home/thoma/.conan/data/argparse/2.9/_/_/package/5ab84d6acfe1f23c4fae0ab88f26e3a396351ac9/include/argparse/argparse.hpp:1111:54: error: ‘array_of_sv’ was not declared in this scope
 1111 |                                      m_prefix_chars, array_of_sv{f_args...});
      |                                                      ^~~~~~~~~~~
/home/thoma/.conan/data/argparse/2.9/_/_/package/5ab84d6acfe1f23c4fae0ab88f26e3a396351ac9/include/argparse/argparse.hpp: In member function ‘void argparse::ArgumentParser::parse_args(const std::vector<std::__cxx11::basic_string<char> >&)’:
/home/thoma/.conan/data/argparse/2.9/_/_/package/5ab84d6acfe1f23c4fae0ab88f26e3a396351ac9/include/argparse/argparse.hpp:1169:39: warning: structured bindings only available with ‘-std=c++17’ or ‘-std=gnu++17’
 1169 |     for ([[maybe_unused]] const auto &[unused, argument] : m_argument_map) {
      |                                       ^
/home/thoma/.conan/data/argparse/2.9/_/_/package/5ab84d6acfe1f23c4fae0ab88f26e3a396351ac9/include/argparse/argparse.hpp:1169:60: error: ‘begin’ was not declared in this scope; did you mean ‘std::begin’?
 1169 |     for ([[maybe_unused]] const auto &[unused, argument] : m_argument_map) {
      |                                                            ^~~~~~~~~~~~~~
      |                                                            std::begin
In file included from /usr/include/c++/9/string:54,
                 from /usr/include/c++/9/bits/locale_classes.h:40,
                 from /usr/include/c++/9/bits/ios_base.h:41,
                 from /usr/include/c++/9/ios:42,
                 from /usr/include/c++/9/ostream:38,
                 from /usr/include/c++/9/iostream:39,
                 from src/genetic-alg.cpp:3:
/usr/include/c++/9/bits/range_access.h:105:37: note: ‘std::begin’ declared here
  105 |   template<typename _Tp> const _Tp* begin(const valarray<_Tp>&);
      |                                     ^~~~~
In file included from src/genetic-alg.cpp:4:
/home/thoma/.conan/data/argparse/2.9/_/_/package/5ab84d6acfe1f23c4fae0ab88f26e3a396351ac9/include/argparse/argparse.hpp:1169:60: error: ‘end’ was not declared in this scope; did you mean ‘std::end’?
 1169 |     for ([[maybe_unused]] const auto &[unused, argument] : m_argument_map) {
      |                                                            ^~~~~~~~~~~~~~
      |                                                            std::end
In file included from /usr/include/c++/9/string:54,
                 from /usr/include/c++/9/bits/locale_classes.h:40,
                 from /usr/include/c++/9/bits/ios_base.h:41,
                 from /usr/include/c++/9/ios:42,
                 from /usr/include/c++/9/ostream:38,
                 from /usr/include/c++/9/iostream:39,
                 from src/genetic-alg.cpp:3:
/usr/include/c++/9/bits/range_access.h:107:37: note: ‘std::end’ declared here
  107 |   template<typename _Tp> const _Tp* end(const valarray<_Tp>&);
      |                                     ^~~
In file included from src/genetic-alg.cpp:4:
/home/thoma/.conan/data/argparse/2.9/_/_/package/5ab84d6acfe1f23c4fae0ab88f26e3a396351ac9/include/argparse/argparse.hpp: In member function ‘std::vector<std::__cxx11::basic_string<char> > argparse::ArgumentParser::parse_known_args(const std::vector<std::__cxx11::basic_string<char> >&)’:
/home/thoma/.conan/data/argparse/2.9/_/_/package/5ab84d6acfe1f23c4fae0ab88f26e3a396351ac9/include/argparse/argparse.hpp:1183:39: warning: structured bindings only available with ‘-std=c++17’ or ‘-std=gnu++17’
 1183 |     for ([[maybe_unused]] const auto &[unused, argument] : m_argument_map) {
      |                                       ^
/home/thoma/.conan/data/argparse/2.9/_/_/package/5ab84d6acfe1f23c4fae0ab88f26e3a396351ac9/include/argparse/argparse.hpp:1183:60: error: ‘begin’ was not declared in this scope; did you mean ‘std::begin’?
 1183 |     for ([[maybe_unused]] const auto &[unused, argument] : m_argument_map) {
      |                                                            ^~~~~~~~~~~~~~
      |                                                            std::begin
In file included from /usr/include/c++/9/string:54,
                 from /usr/include/c++/9/bits/locale_classes.h:40,
                 from /usr/include/c++/9/bits/ios_base.h:41,
                 from /usr/include/c++/9/ios:42,
                 from /usr/include/c++/9/ostream:38,
                 from /usr/include/c++/9/iostream:39,
                 from src/genetic-alg.cpp:3:
/usr/include/c++/9/bits/range_access.h:105:37: note: ‘std::begin’ declared here
  105 |   template<typename _Tp> const _Tp* begin(const valarray<_Tp>&);
      |                                     ^~~~~
In file included from src/genetic-alg.cpp:4:
/home/thoma/.conan/data/argparse/2.9/_/_/package/5ab84d6acfe1f23c4fae0ab88f26e3a396351ac9/include/argparse/argparse.hpp:1183:60: error: ‘end’ was not declared in this scope; did you mean ‘std::end’?
 1183 |     for ([[maybe_unused]] const auto &[unused, argument] : m_argument_map) {
      |                                                            ^~~~~~~~~~~~~~
      |                                                            std::end
In file included from /usr/include/c++/9/string:54,
                 from /usr/include/c++/9/bits/locale_classes.h:40,
                 from /usr/include/c++/9/bits/ios_base.h:41,
                 from /usr/include/c++/9/ios:42,
                 from /usr/include/c++/9/ostream:38,
                 from /usr/include/c++/9/iostream:39,
                 from src/genetic-alg.cpp:3:
/usr/include/c++/9/bits/range_access.h:107:37: note: ‘std::end’ declared here
  107 |   template<typename _Tp> const _Tp* end(const valarray<_Tp>&);
      |                                     ^~~
In file included from src/genetic-alg.cpp:4:
/home/thoma/.conan/data/argparse/2.9/_/_/package/5ab84d6acfe1f23c4fae0ab88f26e3a396351ac9/include/argparse/argparse.hpp: In member function ‘std::conditional_t<IsContainer<T>, T, const T&> argparse::ArgumentParser::get(int) const’:
/home/thoma/.conan/data/argparse/2.9/_/_/package/5ab84d6acfe1f23c4fae0ab88f26e3a396351ac9/include/argparse/argparse.hpp:1219:19: error: no match for ‘operator[]’ (operand types are ‘const argparse::ArgumentParser’ and ‘int’)
 1219 |     return (*this)[arg_name].get<T>();
      |                   ^
/home/thoma/.conan/data/argparse/2.9/_/_/package/5ab84d6acfe1f23c4fae0ab88f26e3a396351ac9/include/argparse/argparse.hpp:1219:35: error: expected primary-expression before ‘>’ token
 1219 |     return (*this)[arg_name].get<T>();
      |                                   ^
/home/thoma/.conan/data/argparse/2.9/_/_/package/5ab84d6acfe1f23c4fae0ab88f26e3a396351ac9/include/argparse/argparse.hpp:1219:37: error: expected primary-expression before ‘)’ token
 1219 |     return (*this)[arg_name].get<T>();
      |                                     ^
/home/thoma/.conan/data/argparse/2.9/_/_/package/5ab84d6acfe1f23c4fae0ab88f26e3a396351ac9/include/argparse/argparse.hpp: In member function ‘auto argparse::ArgumentParser::is_used(int) const’:
/home/thoma/.conan/data/argparse/2.9/_/_/package/5ab84d6acfe1f23c4fae0ab88f26e3a396351ac9/include/argparse/argparse.hpp:1236:19: error: no match for ‘operator[]’ (operand types are ‘const argparse::ArgumentParser’ and ‘int’)
 1236 |     return (*this)[arg_name].m_is_used;
      |                   ^
/home/thoma/.conan/data/argparse/2.9/_/_/package/5ab84d6acfe1f23c4fae0ab88f26e3a396351ac9/include/argparse/argparse.hpp: In member function ‘auto argparse::ArgumentParser::is_subcommand_used(int) const’:
/home/thoma/.conan/data/argparse/2.9/_/_/package/5ab84d6acfe1f23c4fae0ab88f26e3a396351ac9/include/argparse/argparse.hpp:1243:29: error: request for member ‘at’ in ‘((const argparse::ArgumentParser*)this)->argparse::ArgumentParser::m_subparser_used’, which is of non-class type ‘const int’
 1243 |     return m_subparser_used.at(subcommand_name);
      |                             ^~
/home/thoma/.conan/data/argparse/2.9/_/_/package/5ab84d6acfe1f23c4fae0ab88f26e3a396351ac9/include/argparse/argparse.hpp: In function ‘std::ostream& argparse::operator<<(std::ostream&, const argparse::ArgumentParser&)’:
/home/thoma/.conan/data/argparse/2.9/_/_/package/5ab84d6acfe1f23c4fae0ab88f26e3a396351ac9/include/argparse/argparse.hpp:1308:33: error: request for member ‘empty’ in ‘parser.argparse::ArgumentParser::m_subparser_map’, which is of non-class type ‘const int’
 1308 |     if (!parser.m_subparser_map.empty()) {
      |                                 ^~~~~
/home/thoma/.conan/data/argparse/2.9/_/_/package/5ab84d6acfe1f23c4fae0ab88f26e3a396351ac9/include/argparse/argparse.hpp:1313:24: warning: structured bindings only available with ‘-std=c++17’ or ‘-std=gnu++17’
 1313 |       for (const auto &[command, subparser] : parser.m_subparser_map) {
      |                        ^
/home/thoma/.conan/data/argparse/2.9/_/_/package/5ab84d6acfe1f23c4fae0ab88f26e3a396351ac9/include/argparse/argparse.hpp:1313:54: error: ‘begin’ was not declared in this scope; did you mean ‘std::begin’?
 1313 |       for (const auto &[command, subparser] : parser.m_subparser_map) {
      |                                                      ^~~~~~~~~~~~~~~
      |                                                      std::begin
In file included from /usr/include/c++/9/string:54,
                 from /usr/include/c++/9/bits/locale_classes.h:40,
                 from /usr/include/c++/9/bits/ios_base.h:41,
                 from /usr/include/c++/9/ios:42,
                 from /usr/include/c++/9/ostream:38,
                 from /usr/include/c++/9/iostream:39,
                 from src/genetic-alg.cpp:3:
/usr/include/c++/9/bits/range_access.h:105:37: note: ‘std::begin’ declared here
  105 |   template<typename _Tp> const _Tp* begin(const valarray<_Tp>&);
      |                                     ^~~~~
In file included from src/genetic-alg.cpp:4:
/home/thoma/.conan/data/argparse/2.9/_/_/package/5ab84d6acfe1f23c4fae0ab88f26e3a396351ac9/include/argparse/argparse.hpp:1313:54: error: ‘end’ was not declared in this scope; did you mean ‘std::end’?
 1313 |       for (const auto &[command, subparser] : parser.m_subparser_map) {
      |                                                      ^~~~~~~~~~~~~~~
      |                                                      std::end
In file included from /usr/include/c++/9/string:54,
                 from /usr/include/c++/9/bits/locale_classes.h:40,
                 from /usr/include/c++/9/bits/ios_base.h:41,
                 from /usr/include/c++/9/ios:42,
                 from /usr/include/c++/9/ostream:38,
                 from /usr/include/c++/9/iostream:39,
                 from src/genetic-alg.cpp:3:
/usr/include/c++/9/bits/range_access.h:107:37: note: ‘std::end’ declared here
  107 |   template<typename _Tp> const _Tp* end(const valarray<_Tp>&);
      |                                     ^~~
In file included from src/genetic-alg.cpp:4:
/home/thoma/.conan/data/argparse/2.9/_/_/package/5ab84d6acfe1f23c4fae0ab88f26e3a396351ac9/include/argparse/argparse.hpp: In member function ‘std::string argparse::ArgumentParser::usage() const’:
/home/thoma/.conan/data/argparse/2.9/_/_/package/5ab84d6acfe1f23c4fae0ab88f26e3a396351ac9/include/argparse/argparse.hpp:1361:26: error: request for member ‘empty’ in ‘((const argparse::ArgumentParser*)this)->argparse::ArgumentParser::m_subparser_map’, which is of non-class type ‘const int’
 1361 |     if (!m_subparser_map.empty()) {
      |                          ^~~~~
/home/thoma/.conan/data/argparse/2.9/_/_/package/5ab84d6acfe1f23c4fae0ab88f26e3a396351ac9/include/argparse/argparse.hpp:1364:24: warning: structured bindings only available with ‘-std=c++17’ or ‘-std=gnu++17’
 1364 |       for (const auto &[command, unused] : m_subparser_map) {
      |                        ^
/home/thoma/.conan/data/argparse/2.9/_/_/package/5ab84d6acfe1f23c4fae0ab88f26e3a396351ac9/include/argparse/argparse.hpp:1364:44: error: ‘begin’ was not declared in this scope; did you mean ‘std::begin’?
 1364 |       for (const auto &[command, unused] : m_subparser_map) {
      |                                            ^~~~~~~~~~~~~~~
      |                                            std::begin
In file included from /usr/include/c++/9/string:54,
                 from /usr/include/c++/9/bits/locale_classes.h:40,
                 from /usr/include/c++/9/bits/ios_base.h:41,
                 from /usr/include/c++/9/ios:42,
                 from /usr/include/c++/9/ostream:38,
                 from /usr/include/c++/9/iostream:39,
                 from src/genetic-alg.cpp:3:
/usr/include/c++/9/bits/range_access.h:105:37: note: ‘std::begin’ declared here
  105 |   template<typename _Tp> const _Tp* begin(const valarray<_Tp>&);
      |                                     ^~~~~
In file included from src/genetic-alg.cpp:4:
/home/thoma/.conan/data/argparse/2.9/_/_/package/5ab84d6acfe1f23c4fae0ab88f26e3a396351ac9/include/argparse/argparse.hpp:1364:44: error: ‘end’ was not declared in this scope; did you mean ‘std::end’?
 1364 |       for (const auto &[command, unused] : m_subparser_map) {
      |                                            ^~~~~~~~~~~~~~~
      |                                            std::end
In file included from /usr/include/c++/9/string:54,
                 from /usr/include/c++/9/bits/locale_classes.h:40,
                 from /usr/include/c++/9/bits/ios_base.h:41,
                 from /usr/include/c++/9/ios:42,
                 from /usr/include/c++/9/ostream:38,
                 from /usr/include/c++/9/iostream:39,
                 from src/genetic-alg.cpp:3:
/usr/include/c++/9/bits/range_access.h:107:37: note: ‘std::end’ declared here
  107 |   template<typename _Tp> const _Tp* end(const valarray<_Tp>&);
      |                                     ^~~
In file included from src/genetic-alg.cpp:4:
/home/thoma/.conan/data/argparse/2.9/_/_/package/5ab84d6acfe1f23c4fae0ab88f26e3a396351ac9/include/argparse/argparse.hpp: In member function ‘void argparse::ArgumentParser::add_subparser(argparse::ArgumentParser&)’:
/home/thoma/.conan/data/argparse/2.9/_/_/package/5ab84d6acfe1f23c4fae0ab88f26e3a396351ac9/include/argparse/argparse.hpp:1390:21: error: request for member ‘insert_or_assign’ in ‘((argparse::ArgumentParser*)this)->argparse::ArgumentParser::m_subparser_map’, which is of non-class type ‘int’
 1390 |     m_subparser_map.insert_or_assign(parser.m_program_name, it);
      |                     ^~~~~~~~~~~~~~~~
/home/thoma/.conan/data/argparse/2.9/_/_/package/5ab84d6acfe1f23c4fae0ab88f26e3a396351ac9/include/argparse/argparse.hpp:1391:22: error: request for member ‘insert_or_assign’ in ‘((argparse::ArgumentParser*)this)->argparse::ArgumentParser::m_subparser_used’, which is of non-class type ‘int’
 1391 |     m_subparser_used.insert_or_assign(parser.m_program_name, false);
      |                      ^~~~~~~~~~~~~~~~
/home/thoma/.conan/data/argparse/2.9/_/_/package/5ab84d6acfe1f23c4fae0ab88f26e3a396351ac9/include/argparse/argparse.hpp: In member function ‘std::vector<std::__cxx11::basic_string<char> > argparse::ArgumentParser::preprocess_arguments(const std::vector<std::__cxx11::basic_string<char> >&) const’:
/home/thoma/.conan/data/argparse/2.9/_/_/package/5ab84d6acfe1f23c4fae0ab88f26e3a396351ac9/include/argparse/argparse.hpp:1448:26: error: request for member ‘find’ in ‘((const argparse::ArgumentParser*)this)->argparse::ArgumentParser::m_argument_map’, which is of non-class type ‘const int’
 1448 |       if (m_argument_map.find(arg) == m_argument_map.end() &&
      |                          ^~~~
/home/thoma/.conan/data/argparse/2.9/_/_/package/5ab84d6acfe1f23c4fae0ab88f26e3a396351ac9/include/argparse/argparse.hpp:1448:54: error: request for member ‘end’ in ‘((const argparse::ArgumentParser*)this)->argparse::ArgumentParser::m_argument_map’, which is of non-class type ‘const int’
 1448 |       if (m_argument_map.find(arg) == m_argument_map.end() &&
      |                                                      ^~~
/home/thoma/.conan/data/argparse/2.9/_/_/package/5ab84d6acfe1f23c4fae0ab88f26e3a396351ac9/include/argparse/argparse.hpp:1453:28: error: request for member ‘find’ in ‘((const argparse::ArgumentParser*)this)->argparse::ArgumentParser::m_argument_map’, which is of non-class type ‘const int’
 1453 |         if (m_argument_map.find(opt_name) != m_argument_map.end()) {
      |                            ^~~~
/home/thoma/.conan/data/argparse/2.9/_/_/package/5ab84d6acfe1f23c4fae0ab88f26e3a396351ac9/include/argparse/argparse.hpp:1453:61: error: request for member ‘end’ in ‘((const argparse::ArgumentParser*)this)->argparse::ArgumentParser::m_argument_map’, which is of non-class type ‘const int’
 1453 |         if (m_argument_map.find(opt_name) != m_argument_map.end()) {
      |                                                             ^~~
/home/thoma/.conan/data/argparse/2.9/_/_/package/5ab84d6acfe1f23c4fae0ab88f26e3a396351ac9/include/argparse/argparse.hpp: In member function ‘void argparse::ArgumentParser::parse_args_internal(const std::vector<std::__cxx11::basic_string<char> >&)’:
/home/thoma/.conan/data/argparse/2.9/_/_/package/5ab84d6acfe1f23c4fae0ab88f26e3a396351ac9/include/argparse/argparse.hpp:1478:35: error: cannot convert ‘const std::__cxx11::basic_string<char>’ to ‘int’
 1478 |       if (Argument::is_positional(current_argument, m_prefix_chars)) {
      |                                   ^~~~~~~~~~~~~~~~
      |                                   |
      |                                   const std::__cxx11::basic_string<char>
/home/thoma/.conan/data/argparse/2.9/_/_/package/5ab84d6acfe1f23c4fae0ab88f26e3a396351ac9/include/argparse/argparse.hpp:946:46: note:   initializing argument 1 of ‘static bool argparse::Argument::is_positional(int, int)’
  946 |   static bool is_positional(std::string_view name,
      |                             ~~~~~~~~~~~~~~~~~^~~~
/home/thoma/.conan/data/argparse/2.9/_/_/package/5ab84d6acfe1f23c4fae0ab88f26e3a396351ac9/include/argparse/argparse.hpp:1481:16: error: ‘string_view’ is not a member of ‘std’
 1481 |           std::string_view maybe_command = current_argument;
      |                ^~~~~~~~~~~
/home/thoma/.conan/data/argparse/2.9/_/_/package/5ab84d6acfe1f23c4fae0ab88f26e3a396351ac9/include/argparse/argparse.hpp:1481:16: note: ‘std::string_view’ is only available from C++17 onwards
/home/thoma/.conan/data/argparse/2.9/_/_/package/5ab84d6acfe1f23c4fae0ab88f26e3a396351ac9/include/argparse/argparse.hpp:1484:47: error: request for member ‘find’ in ‘((argparse::ArgumentParser*)this)->argparse::ArgumentParser::m_subparser_map’, which is of non-class type ‘int’
 1484 |           auto subparser_it = m_subparser_map.find(maybe_command);
      |                                               ^~~~
/home/thoma/.conan/data/argparse/2.9/_/_/package/5ab84d6acfe1f23c4fae0ab88f26e3a396351ac9/include/argparse/argparse.hpp:1484:52: error: ‘maybe_command’ was not declared in this scope
 1484 |           auto subparser_it = m_subparser_map.find(maybe_command);
      |                                                    ^~~~~~~~~~~~~
/home/thoma/.conan/data/argparse/2.9/_/_/package/5ab84d6acfe1f23c4fae0ab88f26e3a396351ac9/include/argparse/argparse.hpp:1485:47: error: request for member ‘end’ in ‘((argparse::ArgumentParser*)this)->argparse::ArgumentParser::m_subparser_map’, which is of non-class type ‘int’
 1485 |           if (subparser_it != m_subparser_map.end()) {
      |                                               ^~~
/home/thoma/.conan/data/argparse/2.9/_/_/package/5ab84d6acfe1f23c4fae0ab88f26e3a396351ac9/include/argparse/argparse.hpp:1495:38: error: return-statement with a value, in function returning ‘void’ [-fpermissive]
 1495 |                 unprocessed_arguments);
      |                                      ^
/home/thoma/.conan/data/argparse/2.9/_/_/package/5ab84d6acfe1f23c4fae0ab88f26e3a396351ac9/include/argparse/argparse.hpp:1506:40: error: request for member ‘find’ in ‘((argparse::ArgumentParser*)this)->argparse::ArgumentParser::m_argument_map’, which is of non-class type ‘int’
 1506 |       auto arg_map_it = m_argument_map.find(current_argument);
      |                                        ^~~~
/home/thoma/.conan/data/argparse/2.9/_/_/package/5ab84d6acfe1f23c4fae0ab88f26e3a396351ac9/include/argparse/argparse.hpp:1507:40: error: request for member ‘end’ in ‘((argparse::ArgumentParser*)this)->argparse::ArgumentParser::m_argument_map’, which is of non-class type ‘int’
 1507 |       if (arg_map_it != m_argument_map.end()) {
      |                                        ^~~
/home/thoma/.conan/data/argparse/2.9/_/_/package/5ab84d6acfe1f23c4fae0ab88f26e3a396351ac9/include/argparse/argparse.hpp:1510:18: warning: init-statement in selection statements only available with ‘-std=c++17’ or ‘-std=gnu++17’
 1510 |       } else if (const auto &compound_arg = current_argument;
      |                  ^~~~~
/home/thoma/.conan/data/argparse/2.9/_/_/package/5ab84d6acfe1f23c4fae0ab88f26e3a396351ac9/include/argparse/argparse.hpp:1517:45: error: request for member ‘find’ in ‘((argparse::ArgumentParser*)this)->argparse::ArgumentParser::m_argument_map’, which is of non-class type ‘int’
 1517 |           auto arg_map_it2 = m_argument_map.find(hypothetical_arg);
      |                                             ^~~~
/home/thoma/.conan/data/argparse/2.9/_/_/package/5ab84d6acfe1f23c4fae0ab88f26e3a396351ac9/include/argparse/argparse.hpp:1518:45: error: request for member ‘end’ in ‘((argparse::ArgumentParser*)this)->argparse::ArgumentParser::m_argument_map’, which is of non-class type ‘int’
 1518 |           if (arg_map_it2 != m_argument_map.end()) {
      |                                             ^~~
/home/thoma/.conan/data/argparse/2.9/_/_/package/5ab84d6acfe1f23c4fae0ab88f26e3a396351ac9/include/argparse/argparse.hpp: In member function ‘std::vector<std::__cxx11::basic_string<char> > argparse::ArgumentParser::parse_known_args_internal(const std::vector<std::__cxx11::basic_string<char> >&)’:
/home/thoma/.conan/data/argparse/2.9/_/_/package/5ab84d6acfe1f23c4fae0ab88f26e3a396351ac9/include/argparse/argparse.hpp:1548:35: error: cannot convert ‘const std::__cxx11::basic_string<char>’ to ‘int’
 1548 |       if (Argument::is_positional(current_argument, m_prefix_chars)) {
      |                                   ^~~~~~~~~~~~~~~~
      |                                   |
      |                                   const std::__cxx11::basic_string<char>
/home/thoma/.conan/data/argparse/2.9/_/_/package/5ab84d6acfe1f23c4fae0ab88f26e3a396351ac9/include/argparse/argparse.hpp:946:46: note:   initializing argument 1 of ‘static bool argparse::Argument::is_positional(int, int)’
  946 |   static bool is_positional(std::string_view name,
      |                             ~~~~~~~~~~~~~~~~~^~~~
/home/thoma/.conan/data/argparse/2.9/_/_/package/5ab84d6acfe1f23c4fae0ab88f26e3a396351ac9/include/argparse/argparse.hpp:1551:16: error: ‘string_view’ is not a member of ‘std’
 1551 |           std::string_view maybe_command = current_argument;
      |                ^~~~~~~~~~~
/home/thoma/.conan/data/argparse/2.9/_/_/package/5ab84d6acfe1f23c4fae0ab88f26e3a396351ac9/include/argparse/argparse.hpp:1551:16: note: ‘std::string_view’ is only available from C++17 onwards
/home/thoma/.conan/data/argparse/2.9/_/_/package/5ab84d6acfe1f23c4fae0ab88f26e3a396351ac9/include/argparse/argparse.hpp:1554:47: error: request for member ‘find’ in ‘((argparse::ArgumentParser*)this)->argparse::ArgumentParser::m_subparser_map’, which is of non-class type ‘int’
 1554 |           auto subparser_it = m_subparser_map.find(maybe_command);
      |                                               ^~~~
/home/thoma/.conan/data/argparse/2.9/_/_/package/5ab84d6acfe1f23c4fae0ab88f26e3a396351ac9/include/argparse/argparse.hpp:1554:52: error: ‘maybe_command’ was not declared in this scope
 1554 |           auto subparser_it = m_subparser_map.find(maybe_command);
      |                                                    ^~~~~~~~~~~~~
/home/thoma/.conan/data/argparse/2.9/_/_/package/5ab84d6acfe1f23c4fae0ab88f26e3a396351ac9/include/argparse/argparse.hpp:1555:47: error: request for member ‘end’ in ‘((argparse::ArgumentParser*)this)->argparse::ArgumentParser::m_subparser_map’, which is of non-class type ‘int’
 1555 |           if (subparser_it != m_subparser_map.end()) {
      |                                               ^~~
/home/thoma/.conan/data/argparse/2.9/_/_/package/5ab84d6acfe1f23c4fae0ab88f26e3a396351ac9/include/argparse/argparse.hpp:1580:40: error: request for member ‘find’ in ‘((argparse::ArgumentParser*)this)->argparse::ArgumentParser::m_argument_map’, which is of non-class type ‘int’
 1580 |       auto arg_map_it = m_argument_map.find(current_argument);
      |                                        ^~~~
/home/thoma/.conan/data/argparse/2.9/_/_/package/5ab84d6acfe1f23c4fae0ab88f26e3a396351ac9/include/argparse/argparse.hpp:1581:40: error: request for member ‘end’ in ‘((argparse::ArgumentParser*)this)->argparse::ArgumentParser::m_argument_map’, which is of non-class type ‘int’
 1581 |       if (arg_map_it != m_argument_map.end()) {
      |                                        ^~~
/home/thoma/.conan/data/argparse/2.9/_/_/package/5ab84d6acfe1f23c4fae0ab88f26e3a396351ac9/include/argparse/argparse.hpp:1584:18: warning: init-statement in selection statements only available with ‘-std=c++17’ or ‘-std=gnu++17’
 1584 |       } else if (const auto &compound_arg = current_argument;
      |                  ^~~~~
/home/thoma/.conan/data/argparse/2.9/_/_/package/5ab84d6acfe1f23c4fae0ab88f26e3a396351ac9/include/argparse/argparse.hpp:1591:45: error: request for member ‘find’ in ‘((argparse::ArgumentParser*)this)->argparse::ArgumentParser::m_argument_map’, which is of non-class type ‘int’
 1591 |           auto arg_map_it2 = m_argument_map.find(hypothetical_arg);
      |                                             ^~~~
/home/thoma/.conan/data/argparse/2.9/_/_/package/5ab84d6acfe1f23c4fae0ab88f26e3a396351ac9/include/argparse/argparse.hpp:1592:45: error: request for member ‘end’ in ‘((argparse::ArgumentParser*)this)->argparse::ArgumentParser::m_argument_map’, which is of non-class type ‘int’
 1592 |           if (arg_map_it2 != m_argument_map.end()) {
      |                                             ^~~
/home/thoma/.conan/data/argparse/2.9/_/_/package/5ab84d6acfe1f23c4fae0ab88f26e3a396351ac9/include/argparse/argparse.hpp: In member function ‘std::size_t argparse::ArgumentParser::get_length_of_longest_argument() const’:
/home/thoma/.conan/data/argparse/2.9/_/_/package/5ab84d6acfe1f23c4fae0ab88f26e3a396351ac9/include/argparse/argparse.hpp:1613:24: error: request for member ‘empty’ in ‘((const argparse::ArgumentParser*)this)->argparse::ArgumentParser::m_argument_map’, which is of non-class type ‘const int’
 1613 |     if (m_argument_map.empty()) {
      |                        ^~~~~
/home/thoma/.conan/data/argparse/2.9/_/_/package/5ab84d6acfe1f23c4fae0ab88f26e3a396351ac9/include/argparse/argparse.hpp:1617:39: warning: structured bindings only available with ‘-std=c++17’ or ‘-std=gnu++17’
 1617 |     for ([[maybe_unused]] const auto &[unused, argument] : m_argument_map) {
      |                                       ^
/home/thoma/.conan/data/argparse/2.9/_/_/package/5ab84d6acfe1f23c4fae0ab88f26e3a396351ac9/include/argparse/argparse.hpp:1617:60: error: ‘begin’ was not declared in this scope; did you mean ‘std::begin’?
 1617 |     for ([[maybe_unused]] const auto &[unused, argument] : m_argument_map) {
      |                                                            ^~~~~~~~~~~~~~
      |                                                            std::begin
In file included from /usr/include/c++/9/string:54,
                 from /usr/include/c++/9/bits/locale_classes.h:40,
                 from /usr/include/c++/9/bits/ios_base.h:41,
                 from /usr/include/c++/9/ios:42,
                 from /usr/include/c++/9/ostream:38,
                 from /usr/include/c++/9/iostream:39,
                 from src/genetic-alg.cpp:3:
/usr/include/c++/9/bits/range_access.h:105:37: note: ‘std::begin’ declared here
  105 |   template<typename _Tp> const _Tp* begin(const valarray<_Tp>&);
      |                                     ^~~~~
In file included from src/genetic-alg.cpp:4:
/home/thoma/.conan/data/argparse/2.9/_/_/package/5ab84d6acfe1f23c4fae0ab88f26e3a396351ac9/include/argparse/argparse.hpp:1617:60: error: ‘end’ was not declared in this scope; did you mean ‘std::end’?
 1617 |     for ([[maybe_unused]] const auto &[unused, argument] : m_argument_map) {
      |                                                            ^~~~~~~~~~~~~~
      |                                                            std::end
In file included from /usr/include/c++/9/string:54,
                 from /usr/include/c++/9/bits/locale_classes.h:40,
                 from /usr/include/c++/9/bits/ios_base.h:41,
                 from /usr/include/c++/9/ios:42,
                 from /usr/include/c++/9/ostream:38,
                 from /usr/include/c++/9/iostream:39,
                 from src/genetic-alg.cpp:3:
/usr/include/c++/9/bits/range_access.h:107:37: note: ‘std::end’ declared here
  107 |   template<typename _Tp> const _Tp* end(const valarray<_Tp>&);
      |                                     ^~~
In file included from src/genetic-alg.cpp:4:
/home/thoma/.conan/data/argparse/2.9/_/_/package/5ab84d6acfe1f23c4fae0ab88f26e3a396351ac9/include/argparse/argparse.hpp:1620:39: warning: structured bindings only available with ‘-std=c++17’ or ‘-std=gnu++17’
 1620 |     for ([[maybe_unused]] const auto &[command, unused] : m_subparser_map) {
      |                                       ^
/home/thoma/.conan/data/argparse/2.9/_/_/package/5ab84d6acfe1f23c4fae0ab88f26e3a396351ac9/include/argparse/argparse.hpp:1620:59: error: ‘begin’ was not declared in this scope; did you mean ‘std::begin’?
 1620 |     for ([[maybe_unused]] const auto &[command, unused] : m_subparser_map) {
      |                                                           ^~~~~~~~~~~~~~~
      |                                                           std::begin
In file included from /usr/include/c++/9/string:54,
                 from /usr/include/c++/9/bits/locale_classes.h:40,
                 from /usr/include/c++/9/bits/ios_base.h:41,
                 from /usr/include/c++/9/ios:42,
                 from /usr/include/c++/9/ostream:38,
                 from /usr/include/c++/9/iostream:39,
                 from src/genetic-alg.cpp:3:
/usr/include/c++/9/bits/range_access.h:105:37: note: ‘std::begin’ declared here
  105 |   template<typename _Tp> const _Tp* begin(const valarray<_Tp>&);
      |                                     ^~~~~
In file included from src/genetic-alg.cpp:4:
/home/thoma/.conan/data/argparse/2.9/_/_/package/5ab84d6acfe1f23c4fae0ab88f26e3a396351ac9/include/argparse/argparse.hpp:1620:59: error: ‘end’ was not declared in this scope; did you mean ‘std::end’?
 1620 |     for ([[maybe_unused]] const auto &[command, unused] : m_subparser_map) {
      |                                                           ^~~~~~~~~~~~~~~
      |                                                           std::end
In file included from /usr/include/c++/9/string:54,
                 from /usr/include/c++/9/bits/locale_classes.h:40,
                 from /usr/include/c++/9/bits/ios_base.h:41,
                 from /usr/include/c++/9/ios:42,
                 from /usr/include/c++/9/ostream:38,
                 from /usr/include/c++/9/iostream:39,
                 from src/genetic-alg.cpp:3:
/usr/include/c++/9/bits/range_access.h:107:37: note: ‘std::end’ declared here
  107 |   template<typename _Tp> const _Tp* end(const valarray<_Tp>&);
      |                                     ^~~
In file included from src/genetic-alg.cpp:4:
/home/thoma/.conan/data/argparse/2.9/_/_/package/5ab84d6acfe1f23c4fae0ab88f26e3a396351ac9/include/argparse/argparse.hpp: In member function ‘void argparse::ArgumentParser::index_argument(argparse::ArgumentParser::argument_it)’:
/home/thoma/.conan/data/argparse/2.9/_/_/package/5ab84d6acfe1f23c4fae0ab88f26e3a396351ac9/include/argparse/argparse.hpp:1631:34: error: ‘as_const’ is not a member of ‘std’; did you mean ‘is_const’?
 1631 |     for (const auto &name : std::as_const(it->m_names)) {
      |                                  ^~~~~~~~
      |                                  is_const
/home/thoma/.conan/data/argparse/2.9/_/_/package/5ab84d6acfe1f23c4fae0ab88f26e3a396351ac9/include/argparse/argparse.hpp:1632:22: error: request for member ‘insert_or_assign’ in ‘((argparse::ArgumentParser*)this)->argparse::ArgumentParser::m_argument_map’, which is of non-class type ‘int’
 1632 |       m_argument_map.insert_or_assign(name, it);
      |                      ^~~~~~~~~~~~~~~~
src/genetic-alg.cpp: In function ‘int main(int, char**)’:
src/genetic-alg.cpp:25:23: error: no match for call to ‘(argparse::Argument) (bool)’
   25 |   .implicit_value(true);
      |                       ^
In file included from src/genetic-alg.cpp:4:
/home/thoma/.conan/data/argparse/2.9/_/_/package/5ab84d6acfe1f23c4fae0ab88f26e3a396351ac9/include/argparse/argparse.hpp: In instantiation of ‘argparse::Argument& argparse::ArgumentParser::add_argument(Targs ...) [with Targs = {const char*, const char*}]’:
/home/thoma/.conan/data/argparse/2.9/_/_/package/5ab84d6acfe1f23c4fae0ab88f26e3a396351ac9/include/argparse/argparse.hpp:1048:34:   required from here
/home/thoma/.conan/data/argparse/2.9/_/_/package/5ab84d6acfe1f23c4fae0ab88f26e3a396351ac9/include/argparse/argparse.hpp:1120:3: warning: no return statement in function returning non-void [-Wreturn-type]
 1120 |   }
      |   ^
In file included from /usr/include/c++/9/bits/stl_algobase.h:67,
                 from /usr/include/c++/9/bits/char_traits.h:39,
                 from /usr/include/c++/9/ios:40,
                 from /usr/include/c++/9/ostream:38,
                 from /usr/include/c++/9/iostream:39,
                 from src/genetic-alg.cpp:3:
/usr/include/c++/9/bits/stl_iterator.h: In instantiation of ‘class std::back_insert_iterator<int>’:
/home/thoma/.conan/data/argparse/2.9/_/_/package/5ab84d6acfe1f23c4fae0ab88f26e3a396351ac9/include/argparse/argparse.hpp:551:57:   required from ‘void argparse::Argument::consume(Iterator, Iterator, int)::ActionApply::operator()(int&) [with Iterator = __gnu_cxx::__normal_iterator<std::__cxx11::basic_string<char>*, std::vector<std::__cxx11::basic_string<char> > >]’
/home/thoma/.conan/data/argparse/2.9/_/_/package/5ab84d6acfe1f23c4fae0ab88f26e3a396351ac9/include/argparse/argparse.hpp:566:7:   required from ‘Iterator argparse::Argument::consume(Iterator, Iterator, int) [with Iterator = __gnu_cxx::__normal_iterator<std::__cxx11::basic_string<char>*, std::vector<std::__cxx11::basic_string<char> > >]’
/home/thoma/.conan/data/argparse/2.9/_/_/package/5ab84d6acfe1f23c4fae0ab88f26e3a396351ac9/include/argparse/argparse.hpp:1502:39:   required from here
/usr/include/c++/9/bits/stl_iterator.h:513:7: error: ‘int’ is not a class, struct, or union type
  513 |       operator=(const typename _Container::value_type& __value)
      |       ^~~~~~~~
/usr/include/c++/9/bits/stl_iterator.h:520:7: error: ‘int’ is not a class, struct, or union type
  520 |       operator=(typename _Container::value_type&& __value)
      |       ^~~~~~~~
In file included from src/genetic-alg.cpp:4:
/home/thoma/.conan/data/argparse/2.9/_/_/package/5ab84d6acfe1f23c4fae0ab88f26e3a396351ac9/include/argparse/argparse.hpp: In instantiation of ‘std::string argparse::details::repr(const T&) [with T = bool; std::string = std::__cxx11::basic_string<char>]’:
/home/thoma/.conan/data/argparse/2.9/_/_/package/5ab84d6acfe1f23c4fae0ab88f26e3a396351ac9/include/argparse/argparse.hpp:404:41:   required from ‘argparse::Argument& argparse::Argument::default_value(T&&) [with T = bool]’
src/genetic-alg.cpp:24:23:   required from here
/home/thoma/.conan/data/argparse/2.9/_/_/package/5ab84d6acfe1f23c4fae0ab88f26e3a396351ac9/include/argparse/argparse.hpp:93:53: warning: statement has no effect [-Wunused-value]
   93 |     return '"' + std::string{std::string_view{val}} + '"';
      |                                                     ^
/home/thoma/.conan/data/argparse/2.9/_/_/package/5ab84d6acfe1f23c4fae0ab88f26e3a396351ac9/include/argparse/argparse.hpp: In instantiation of ‘std::string argparse::details::repr(const T&) [with T = std::__cxx11::basic_string<char>; std::string = std::__cxx11::basic_string<char>]’:
/home/thoma/.conan/data/argparse/2.9/_/_/package/5ab84d6acfe1f23c4fae0ab88f26e3a396351ac9/include/argparse/argparse.hpp:404:41:   required from ‘argparse::Argument& argparse::Argument::default_value(T&&) [with T = std::__cxx11::basic_string<char>]’
src/genetic-alg.cpp:28:44:   required from here
/home/thoma/.conan/data/argparse/2.9/_/_/package/5ab84d6acfe1f23c4fae0ab88f26e3a396351ac9/include/argparse/argparse.hpp:91:16: error: could not convert ‘val’ from ‘const std::__cxx11::basic_string<char>’ to ‘bool’
   91 |     return val ? "true" : "false";
      |            ~~~~^~~~~~~~~~~~~~~~~~
      |                |
      |                const std::__cxx11::basic_string<char>
/home/thoma/.conan/data/argparse/2.9/_/_/package/5ab84d6acfe1f23c4fae0ab88f26e3a396351ac9/include/argparse/argparse.hpp:93:53: warning: statement has no effect [-Wunused-value]
   93 |     return '"' + std::string{std::string_view{val}} + '"';
      |                                                     ^
/home/thoma/.conan/data/argparse/2.9/_/_/package/5ab84d6acfe1f23c4fae0ab88f26e3a396351ac9/include/argparse/argparse.hpp: At global scope:
/home/thoma/.conan/data/argparse/2.9/_/_/package/5ab84d6acfe1f23c4fae0ab88f26e3a396351ac9/include/argparse/argparse.hpp:194:16: warning: ‘argparse::details::consume_hex_prefix’ defined but not used [-Wunused-variable]
  194 | constexpr auto consume_hex_prefix(std::string_view s)
      |                ^~~~~~~~~~~~~~~~~~
make: *** [Makefile:25: build/genetic-alg.o] Error 1
